Arguments: 
  C:\Program Files\nodejs\node.exe C:\Program Files (x86)\Yarn\bin\yarn.js add gulp 3.9.1

PATH: 
  C:\Windows\system32;C:\Windows;C:\Windows\System32\Wbem;C:\Windows\System32\WindowsPowerShell\v1.0\;C:\Program Files\Intel\WiFi\bin\;C:\Program Files\Common Files\Intel\WirelessCommon\;C:\Program Files (x86)\Yarn\bin\;C:\Program Files\Git\cmd;C:\Users\Administrator\AppData\Roaming\Microsoft\Windows\Start Menu\Programs\Python 3.7;C:\Python27;C:\Users\Administrator\AppData\Roaming\nvm;C:\Program Files\nodejs;C:\Users\Administrator\AppData\Local\Programs\Python\Python37\Scripts\;C:\Users\Administrator\AppData\Local\Programs\Python\Python37\;C:\Users\Administrator\AppData\Local\Programs\Python\Launcher\;C:\Ruby26-x64\bin;C:\Users\Administrator\AppData\Local\Microsoft\WindowsApps;C:\Program Files\Intel\WiFi\bin\;C:\Program Files\Common Files\Intel\WirelessCommon\;D:\Program Files\Microsoft VS Code\bin;C:\Users\Administrator\AppData\Local\Yarn\bin;C:\Users\Administrator\AppData\Local\BypassRuntm;C:\Users\Administrator\AppData\Roaming\npm;C:\Windows\System32;C:\Users\Administrator\AppData\Roaming\nvm;C:\Program Files\nodejs

Yarn version: 
  1.15.2

Node version: 
  10.16.3

Platform: 
  win32 x64

Trace: 
  Error: https://registry.yarnpkg.com/3.9.1: Not found
      at Request.params.callback [as _callback] (C:\Program Files (x86)\Yarn\lib\cli.js:65167:18)
      at Request.self.callback (C:\Program Files (x86)\Yarn\lib\cli.js:129541:22)
      at Request.emit (events.js:198:13)
      at Request.<anonymous> (C:\Program Files (x86)\Yarn\lib\cli.js:130513:10)
      at Request.emit (events.js:198:13)
      at IncomingMessage.<anonymous> (C:\Program Files (x86)\Yarn\lib\cli.js:130435:12)
      at Object.onceWrapper (events.js:286:20)
      at IncomingMessage.emit (events.js:203:15)
      at endReadableNT (_stream_readable.js:1145:12)
      at process._tickCallback (internal/process/next_tick.js:63:19)

npm manifest: 
  {
      "name": "gulp",
      "version": "1.0.0",
      "main": "index.js",
      "author": "yong",
      "license": "MIT",
      "devDependencies": {
          "del": "^5.1.0",
          "gulp-autoprefixer": "^7.0.1",
          "gulp-load-plugins": "^2.0.4",
          "gulp-sass": "^4.1.0",
          "gulp-uglify": "^3.0.2"
      },
      "dependencies": {
          "gulp-minify-css": "^1.2.4"
      }
  }

yarn manifest: 
  No manifest

Lockfile: 
  # THIS IS AN AUTOGENERATED FILE. DO NOT EDIT THIS FILE DIRECTLY.
  # yarn lockfile v1
  
  
  "@nodelib/fs.scandir@2.1.3":
    version "2.1.3"
    resolved "https://registry.yarnpkg.com/@nodelib/fs.scandir/-/fs.scandir-2.1.3.tgz#3a582bdb53804c6ba6d146579c46e52130cf4a3b"
    integrity sha512-eGmwYQn3gxo4r7jdQnkrrN6bY478C3P+a/y72IJukF8LjB6ZHeB3c+Ehacj3sYeSmUXGlnA67/PmbM9CVwL7Dw==
    dependencies:
      "@nodelib/fs.stat" "2.0.3"
      run-parallel "^1.1.9"
  
  "@nodelib/fs.stat@2.0.3", "@nodelib/fs.stat@^2.0.2":
    version "2.0.3"
    resolved "https://registry.yarnpkg.com/@nodelib/fs.stat/-/fs.stat-2.0.3.tgz#34dc5f4cabbc720f4e60f75a747e7ecd6c175bd3"
    integrity sha512-bQBFruR2TAwoevBEd/NWMoAAtNGzTRgdrqnYCc7dhzfoNvqPzLyqlEQnzZ3kVnNrSp25iyxE00/3h2fqGAGArA==
  
  "@nodelib/fs.walk@^1.2.3":
    version "1.2.4"
    resolved "https://registry.yarnpkg.com/@nodelib/fs.walk/-/fs.walk-1.2.4.tgz#011b9202a70a6366e436ca5c065844528ab04976"
    integrity sha512-1V9XOY4rDW0rehzbrcqAmHnz8e7SKvX27gh8Gt2WgB0+pdzdiLV83p72kZPU+jvMbS1qU5mauP2iOvO8rhmurQ==
    dependencies:
      "@nodelib/fs.scandir" "2.1.3"
      fastq "^1.6.0"
  
  "@types/glob@^7.1.1":
    version "7.1.3"
    resolved "https://registry.yarnpkg.com/@types/glob/-/glob-7.1.3.tgz#e6ba80f36b7daad2c685acd9266382e68985c183"
    integrity sha512-SEYeGAIQIQX8NN6LDKprLjbrd5dARM5EXsd8GI/A5l0apYI1fGMWgPHSe4ZKL4eozlAyI+doUE9XbYS4xCkQ1w==
    dependencies:
      "@types/minimatch" "*"
      "@types/node" "*"
  
  "@types/minimatch@*":
    version "3.0.3"
    resolved "https://registry.yarnpkg.com/@types/minimatch/-/minimatch-3.0.3.tgz#3dca0e3f33b200fc7d1139c0cd96c1268cadfd9d"
    integrity sha512-tHq6qdbT9U1IRSGf14CL0pUlULksvY9OZ+5eEgl1N7t+OA3tGvNpxJCzuKQlsNgCVwbAs670L1vcVQi8j9HjnA==
  
  "@types/node@*":
    version "14.6.3"
    resolved "https://registry.yarnpkg.com/@types/node/-/node-14.6.3.tgz#cc4f979548ca4d8e7b90bc0180052ab99ee64224"
    integrity sha512-pC/hkcREG6YfDfui1FBmj8e20jFU5Exjw4NYDm8kEdrW+mOh0T1Zve8DWKnS7ZIZvgncrctcNCXF4Q2I+loyww==
  
  abbrev@1:
    version "1.1.1"
    resolved "https://registry.yarnpkg.com/abbrev/-/abbrev-1.1.1.tgz#f8f2c887ad10bf67f634f005b6987fed3179aac8"
    integrity sha512-nne9/IiQ/hzIhY6pdDnbBtz7DjPTKrY00P/zvPSm5pOFkl6xuGrGnXn/VtTNNfNtAfZ9/1RtehkszU9qcTii0Q==
  
  aggregate-error@^3.0.0:
    version "3.1.0"
    resolved "https://registry.yarnpkg.com/aggregate-error/-/aggregate-error-3.1.0.tgz#92670ff50f5359bdb7a3e0d40d0ec30c5737687a"
    integrity sha512-4I7Td01quW/RpocfNayFdFVk1qSuoh0E7JrbRJ16nH01HhKFQ88INq9Sd+nd72zqRySlr9BmDA8xlEJ6vJMrYA==
    dependencies:
      clean-stack "^2.0.0"
      indent-string "^4.0.0"
  
  ajv@^6.12.3:
    version "6.12.4"
    resolved "https://registry.yarnpkg.com/ajv/-/ajv-6.12.4.tgz#0614facc4522127fa713445c6bfd3ebd376e2234"
    integrity sha512-eienB2c9qVQs2KWexhkrdMLVDoIQCz5KSeLxwg9Lzk4DOfBtIK9PQwwufcsn1jjGuf9WZmqPMbGxOzfcuphJCQ==
    dependencies:
      fast-deep-equal "^3.1.1"
      fast-json-stable-stringify "^2.0.0"
      json-schema-traverse "^0.4.1"
      uri-js "^4.2.2"
  
  amdefine@>=0.0.4:
    version "1.0.1"
    resolved "https://registry.yarnpkg.com/amdefine/-/amdefine-1.0.1.tgz#4a5282ac164729e93619bcfd3ad151f817ce91f5"
    integrity sha1-SlKCrBZHKek2Gbz9OtFR+BfOkfU=
  
  ansi-colors@^1.0.1:
    version "1.1.0"
    resolved "https://registry.yarnpkg.com/ansi-colors/-/ansi-colors-1.1.0.tgz#6374b4dd5d4718ff3ce27a671a3b1cad077132a9"
    integrity sha512-SFKX67auSNoVR38N3L+nvsPjOE0bybKTYbkf5tRvushrAPQ9V75huw0ZxBkKVeRU9kqH3d6HA4xTckbwZ4ixmA==
    dependencies:
      ansi-wrap "^0.1.0"
  
  ansi-gray@^0.1.1:
    version "0.1.1"
    resolved "https://registry.yarnpkg.com/ansi-gray/-/ansi-gray-0.1.1.tgz#2962cf54ec9792c48510a3deb524436861ef7251"
    integrity sha1-KWLPVOyXksSFEKPetSRDaGHvclE=
    dependencies:
      ansi-wrap "0.1.0"
  
  ansi-regex@^2.0.0:
    version "2.1.1"
    resolved "https://registry.yarnpkg.com/ansi-regex/-/ansi-regex-2.1.1.tgz#c3b33ab5ee360d86e0e628f0468ae7ef27d654df"
    integrity sha1-w7M6te42DYbg5ijwRorn7yfWVN8=
  
  ansi-regex@^3.0.0:
    version "3.0.0"
    resolved "https://registry.yarnpkg.com/ansi-regex/-/ansi-regex-3.0.0.tgz#ed0317c322064f79466c02966bddb605ab37d998"
    integrity sha1-7QMXwyIGT3lGbAKWa922Bas32Zg=
  
  ansi-regex@^4.1.0:
    version "4.1.0"
    resolved "https://registry.yarnpkg.com/ansi-regex/-/ansi-regex-4.1.0.tgz#8b9f8f08cf1acb843756a839ca8c7e3168c51997"
    integrity sha512-1apePfXM1UOSqw0o9IiFAovVz9M5S1Dg+4TrDwfMewQ6p/rmMueb7tWZjQ1rx4Loy1ArBggoqGpfqqdI4rondg==
  
  ansi-styles@^2.2.1:
    version "2.2.1"
    resolved "https://registry.yarnpkg.com/ansi-styles/-/ansi-styles-2.2.1.tgz#b432dd3358b634cf75e1e4664368240533c1ddbe"
    integrity sha1-tDLdM1i2NM914eRmQ2gkBTPB3b4=
  
  ansi-styles@^3.2.0, ansi-styles@^3.2.1:
    version "3.2.1"
    resolved "https://registry.yarnpkg.com/ansi-styles/-/ansi-styles-3.2.1.tgz#41fbb20243e50b12be0f04b8dedbf07520ce841d"
    integrity sha512-VT0ZI6kZRdTh8YyJw3SMbYm/u+NqfsAxEpWO0Pf9sq8/e94WxxOpPKx9FR1FlyCtOVDNOQ+8ntlqFxiRc+r5qA==
    dependencies:
      color-convert "^1.9.0"
  
  ansi-wrap@0.1.0, ansi-wrap@^0.1.0:
    version "0.1.0"
    resolved "https://registry.yarnpkg.com/ansi-wrap/-/ansi-wrap-0.1.0.tgz#a82250ddb0015e9a27ca82e82ea603bbfa45efaf"
    integrity sha1-qCJQ3bABXponyoLoLqYDu/pF768=
  
  aproba@^1.0.3:
    version "1.2.0"
    resolved "https://registry.yarnpkg.com/aproba/-/aproba-1.2.0.tgz#6802e6264efd18c790a1b0d517f0f2627bf2c94a"
    integrity sha512-Y9J6ZjXtoYh8RnXVCMOU/ttDmk1aBjunq9vO0ta5x85WDQiQfUF9sIPBITdbiiIVcBo03Hi3jMxigBtsddlXRw==
  
  are-we-there-yet@~1.1.2:
    version "1.1.5"
    resolved "https://registry.yarnpkg.com/are-we-there-yet/-/are-we-there-yet-1.1.5.tgz#4b35c2944f062a8bfcda66410760350fe9ddfc21"
    integrity sha512-5hYdAkZlcG8tOLujVDTgCT+uPX0VnpAH28gWsLfzpXYm7wP6mp5Q/gYyR7YQ0cKVJcXJnl3j2kpBan13PtQf6w==
    dependencies:
      delegates "^1.0.0"
      readable-stream "^2.0.6"
  
  arr-diff@^4.0.0:
    version "4.0.0"
    resolved "https://registry.yarnpkg.com/arr-diff/-/arr-diff-4.0.0.tgz#d6461074febfec71e7e15235761a329a5dc7c520"
    integrity sha1-1kYQdP6/7HHn4VI1dhoyml3HxSA=
  
  arr-union@^3.1.0:
    version "3.1.0"
    resolved "https://registry.yarnpkg.com/arr-union/-/arr-union-3.1.0.tgz#e39b09aea9def866a8f206e288af63919bae39c4"
    integrity sha1-45sJrqne+Gao8gbiiK9jkZuuOcQ=
  
  array-differ@^1.0.0:
    version "1.0.0"
    resolved "https://registry.yarnpkg.com/array-differ/-/array-differ-1.0.0.tgz#eff52e3758249d33be402b8bb8e564bb2b5d4031"
    integrity sha1-7/UuN1gknTO+QCuLuOVkuytdQDE=
  
  array-each@^1.0.1:
    version "1.0.1"
    resolved "https://registry.yarnpkg.com/array-each/-/array-each-1.0.1.tgz#a794af0c05ab1752846ee753a1f211a05ba0c44f"
    integrity sha1-p5SvDAWrF1KEbudTofIRoFugxE8=
  
  array-find-index@^1.0.1:
    version "1.0.2"
    resolved "https://registry.yarnpkg.com/array-find-index/-/array-find-index-1.0.2.tgz#df010aa1287e164bbda6f9723b0a96a1ec4187a1"
    integrity sha1-3wEKoSh+Fku9pvlyOwqWoexBh6E=
  
  array-union@^2.1.0:
    version "2.1.0"
    resolved "https://registry.yarnpkg.com/array-union/-/array-union-2.1.0.tgz#b798420adbeb1de828d84acd8a2e23d3efe85e8d"
    integrity sha512-HGyxoOTYUyCM6stUe6EJgnd4EoewAI7zMdfqO+kGjnlZmBDz/cR5pf8r/cR4Wq60sL/p0IkcjUEEPwS3GFrIyw==
  
  array-uniq@^1.0.2:
    version "1.0.3"
    resolved "https://registry.yarnpkg.com/array-uniq/-/array-uniq-1.0.3.tgz#af6ac877a25cc7f74e058894753858dfdb24fdb6"
    integrity sha1-r2rId6Jcx/dOBYiUdThY39sk/bY=
  
  array-unique@^0.3.2:
    version "0.3.2"
    resolved "https://registry.yarnpkg.com/array-unique/-/array-unique-0.3.2.tgz#a894b75d4bc4f6cd679ef3244a9fd8f46ae2d428"
    integrity sha1-qJS3XUvE9s1nnvMkSp/Y9Gri1Cg=
  
  asn1@~0.2.3:
    version "0.2.4"
    resolved "https://registry.yarnpkg.com/asn1/-/asn1-0.2.4.tgz#8d2475dfab553bb33e77b54e59e880bb8ce23136"
    integrity sha512-jxwzQpLQjSmWXgwaCZE9Nz+glAG01yF1QnWgbhGwHI5A6FRIEY6IVqtHhIepHqI7/kyEyQEagBC5mBEFlIYvdg==
    dependencies:
      safer-buffer "~2.1.0"
  
  assert-plus@1.0.0, assert-plus@^1.0.0:
    version "1.0.0"
    resolved "https://registry.yarnpkg.com/assert-plus/-/assert-plus-1.0.0.tgz#f12e0f3c5d77b0b1cdd9146942e4e96c1e4dd525"
    integrity sha1-8S4PPF13sLHN2RRpQuTpbB5N1SU=
  
  assign-symbols@^1.0.0:
    version "1.0.0"
    resolved "https://registry.yarnpkg.com/assign-symbols/-/assign-symbols-1.0.0.tgz#59667f41fadd4f20ccbc2bb96b8d4f7f78ec0367"
    integrity sha1-WWZ/QfrdTyDMvCu5a41Pf3jsA2c=
  
  async-foreach@^0.1.3:
    version "0.1.3"
    resolved "https://registry.yarnpkg.com/async-foreach/-/async-foreach-0.1.3.tgz#36121f845c0578172de419a97dbeb1d16ec34542"
    integrity sha1-NhIfhFwFeBct5Bmpfb6x0W7DRUI=
  
  asynckit@^0.4.0:
    version "0.4.0"
    resolved "https://registry.yarnpkg.com/asynckit/-/asynckit-0.4.0.tgz#c79ed97f7f34cb8f2ba1bc9790bcc366474b4b79"
    integrity sha1-x57Zf380y48robyXkLzDZkdLS3k=
  
  autoprefixer@^9.6.1:
    version "9.8.6"
    resolved "https://registry.yarnpkg.com/autoprefixer/-/autoprefixer-9.8.6.tgz#3b73594ca1bf9266320c5acf1588d74dea74210f"
    integrity sha512-XrvP4VVHdRBCdX1S3WXVD8+RyG9qeb1D5Sn1DeLiG2xfSpzellk5k54xbUERJ3M5DggQxes39UGOTP8CFrEGbg==
    dependencies:
      browserslist "^4.12.0"
      caniuse-lite "^1.0.30001109"
      colorette "^1.2.1"
      normalize-range "^0.1.2"
      num2fraction "^1.2.2"
      postcss "^7.0.32"
      postcss-value-parser "^4.1.0"
  
  aws-sign2@~0.7.0:
    version "0.7.0"
    resolved "https://registry.yarnpkg.com/aws-sign2/-/aws-sign2-0.7.0.tgz#b46e890934a9591f2d2f6f86d7e6a9f1b3fe76a8"
    integrity sha1-tG6JCTSpWR8tL2+G1+ap8bP+dqg=
  
  aws4@^1.8.0:
    version "1.10.1"
    resolved "https://registry.yarnpkg.com/aws4/-/aws4-1.10.1.tgz#e1e82e4f3e999e2cfd61b161280d16a111f86428"
    integrity sha512-zg7Hz2k5lI8kb7U32998pRRFin7zJlkfezGJjUc2heaD4Pw2wObakCDVzkKztTm/Ln7eiVvYsjqak0Ed4LkMDA==
  
  balanced-match@^1.0.0:
    version "1.0.0"
    resolved "https://registry.yarnpkg.com/balanced-match/-/balanced-match-1.0.0.tgz#89b4d199ab2bee49de164ea02b89ce462d71b767"
    integrity sha1-ibTRmasr7kneFk6gK4nORi1xt2c=
  
  bcrypt-pbkdf@^1.0.0:
    version "1.0.2"
    resolved "https://registry.yarnpkg.com/bcrypt-pbkdf/-/bcrypt-pbkdf-1.0.2.tgz#a4301d389b6a43f9b67ff3ca11a3f6637e360e9e"
    integrity sha1-pDAdOJtqQ/m2f/PKEaP2Y342Dp4=
    dependencies:
      tweetnacl "^0.14.3"
  
  beeper@^1.0.0:
    version "1.1.1"
    resolved "https://registry.yarnpkg.com/beeper/-/beeper-1.1.1.tgz#e6d5ea8c5dad001304a70b22638447f69cb2f809"
    integrity sha1-5tXqjF2tABMEpwsiY4RH9pyy+Ak=
  
  block-stream@*:
    version "0.0.9"
    resolved "https://registry.yarnpkg.com/block-stream/-/block-stream-0.0.9.tgz#13ebfe778a03205cfe03751481ebb4b3300c126a"
    integrity sha1-E+v+d4oDIFz+A3UUgeu0szAMEmo=
    dependencies:
      inherits "~2.0.0"
  
  brace-expansion@^1.1.7:
    version "1.1.11"
    resolved "https://registry.yarnpkg.com/brace-expansion/-/brace-expansion-1.1.11.tgz#3c7fcbf529d87226f3d2f52b966ff5271eb441dd"
    integrity sha512-iCuPHDFgrHX7H2vEI/5xpz07zSHB00TpugqhmYtVmMO6518mCuRMoOYFldEBl0g187ufozdaHgWKcYFb61qGiA==
    dependencies:
      balanced-match "^1.0.0"
      concat-map "0.0.1"
  
  braces@^3.0.1:
    version "3.0.2"
    resolved "https://registry.yarnpkg.com/braces/-/braces-3.0.2.tgz#3454e1a462ee8d599e236df336cd9ea4f8afe107"
    integrity sha512-b8um+L1RzM3WDSzvhm6gIz1yfTbBt6YTlcEKAvsmqCZZFw46z626lVj9j1yEPW33H5H+lBQpZMP1k8l+78Ha0A==
    dependencies:
      fill-range "^7.0.1"
  
  browserslist@^4.12.0:
    version "4.14.0"
    resolved "https://registry.yarnpkg.com/browserslist/-/browserslist-4.14.0.tgz#2908951abfe4ec98737b72f34c3bcedc8d43b000"
    integrity sha512-pUsXKAF2lVwhmtpeA3LJrZ76jXuusrNyhduuQs7CDFf9foT4Y38aQOserd2lMe5DSSrjf3fx34oHwryuvxAUgQ==
    dependencies:
      caniuse-lite "^1.0.30001111"
      electron-to-chromium "^1.3.523"
      escalade "^3.0.2"
      node-releases "^1.1.60"
  
  bufferstreams@1.0.1:
    version "1.0.1"
    resolved "https://registry.yarnpkg.com/bufferstreams/-/bufferstreams-1.0.1.tgz#cfb1ad9568d3ba3cfe935ba9abdd952de88aab2a"
    integrity sha1-z7GtlWjTujz+k1upq92VLeiKqyo=
    dependencies:
      readable-stream "^1.0.33"
  
  camelcase-keys@^2.0.0:
    version "2.1.0"
    resolved "https://registry.yarnpkg.com/camelcase-keys/-/camelcase-keys-2.1.0.tgz#308beeaffdf28119051efa1d932213c91b8f92e7"
    integrity sha1-MIvur/3ygRkFHvodkyITyRuPkuc=
    dependencies:
      camelcase "^2.0.0"
      map-obj "^1.0.0"
  
  camelcase@^2.0.0:
    version "2.1.1"
    resolved "https://registry.yarnpkg.com/camelcase/-/camelcase-2.1.1.tgz#7c1d16d679a1bbe59ca02cacecfb011e201f5a1f"
    integrity sha1-fB0W1nmhu+WcoCys7PsBHiAfWh8=
  
  camelcase@^5.0.0:
    version "5.3.1"
    resolved "https://registry.yarnpkg.com/camelcase/-/camelcase-5.3.1.tgz#e3c9b31569e106811df242f715725a1f4c494320"
    integrity sha512-L28STB170nwWS63UjtlEOE3dldQApaJXZkOI1uMFfzf3rRuPegHaHesyee+YxQ+W6SvRDQV6UrdOdRiR153wJg==
  
  caniuse-lite@^1.0.30001109, caniuse-lite@^1.0.30001111:
    version "1.0.30001123"
    resolved "https://registry.yarnpkg.com/caniuse-lite/-/caniuse-lite-1.0.30001123.tgz#7b981d81382ab2c8fd062f3e6439215e8c503c22"
    integrity sha512-03dJDoa4YC4332jq0rqwiM+Hw6tA5RJtrnZKvOQy7ASoIUv8CinkcmGhYpCvCjedvkBQrrKnkcELxrUSW/XwNQ==
  
  caseless@~0.12.0:
    version "0.12.0"
    resolved "https://registry.yarnpkg.com/caseless/-/caseless-0.12.0.tgz#1b681c21ff84033c826543090689420d187151dc"
    integrity sha1-G2gcIf+EAzyCZUMJBolCDRhxUdw=
  
  chalk@^1.0.0, chalk@^1.1.1:
    version "1.1.3"
    resolved "https://registry.yarnpkg.com/chalk/-/chalk-1.1.3.tgz#a8115c55e4a702fe4d150abd3872822a7e09fc98"
    integrity sha1-qBFcVeSnAv5NFQq9OHKCKn4J/Jg=
    dependencies:
      ansi-styles "^2.2.1"
      escape-string-regexp "^1.0.2"
      has-ansi "^2.0.0"
      strip-ansi "^3.0.0"
      supports-color "^2.0.0"
  
  chalk@^2.3.0, chalk@^2.4.2:
    version "2.4.2"
    resolved "https://registry.yarnpkg.com/chalk/-/chalk-2.4.2.tgz#cd42541677a54333cf541a49108c1432b44c9424"
    integrity sha512-Mti+f9lpJNcwF4tWV8/OrTTtF1gZi+f8FqlyAdouralcFWFQWF2+NgCHShjkCb+IFBLq9buZwE1xckQU4peSuQ==
    dependencies:
      ansi-styles "^3.2.1"
      escape-string-regexp "^1.0.5"
      supports-color "^5.3.0"
  
  clean-css@^3.3.3:
    version "3.4.28"
    resolved "https://registry.yarnpkg.com/clean-css/-/clean-css-3.4.28.tgz#bf1945e82fc808f55695e6ddeaec01400efd03ff"
    integrity sha1-vxlF6C/ICPVWlebd6uwBQA79A/8=
    dependencies:
      commander "2.8.x"
      source-map "0.4.x"
  
  clean-stack@^2.0.0:
    version "2.2.0"
    resolved "https://registry.yarnpkg.com/clean-stack/-/clean-stack-2.2.0.tgz#ee8472dbb129e727b31e8a10a427dee9dfe4008b"
    integrity sha512-4diC9HaTE+KRAMWhDhrGOECgWZxoevMc5TlkObMqNSsVU62PYzXZ/SMTjzyGAFF1YusgxGcSWTEXBhp0CPwQ1A==
  
  cliui@^5.0.0:
    version "5.0.0"
    resolved "https://registry.yarnpkg.com/cliui/-/cliui-5.0.0.tgz#deefcfdb2e800784aa34f46fa08e06851c7bbbc5"
    integrity sha512-PYeGSEmmHM6zvoef2w8TPzlrnNpXIjTipYK780YswmIP9vjxmd6Y2a3CB2Ks6/AU8NHjZugXvo8w3oWM2qnwXA==
    dependencies:
      string-width "^3.1.0"
      strip-ansi "^5.2.0"
      wrap-ansi "^5.1.0"
  
  clone-stats@^0.0.1:
    version "0.0.1"
    resolved "https://registry.yarnpkg.com/clone-stats/-/clone-stats-0.0.1.tgz#b88f94a82cf38b8791d58046ea4029ad88ca99d1"
    integrity sha1-uI+UqCzzi4eR1YBG6kAprYjKmdE=
  
  clone@^1.0.0:
    version "1.0.4"
    resolved "https://registry.yarnpkg.com/clone/-/clone-1.0.4.tgz#da309cc263df15994c688ca902179ca3c7cd7c7e"
    integrity sha1-2jCcwmPfFZlMaIypAheco8fNfH4=
  
  code-point-at@^1.0.0:
    version "1.1.0"
    resolved "https://registry.yarnpkg.com/code-point-at/-/code-point-at-1.1.0.tgz#0d070b4d043a5bea33a2f1a40e2edb3d9a4ccf77"
    integrity sha1-DQcLTQQ6W+ozovGkDi7bPZpMz3c=
  
  color-convert@^1.9.0:
    version "1.9.3"
    resolved "https://registry.yarnpkg.com/color-convert/-/color-convert-1.9.3.tgz#bb71850690e1f136567de629d2d5471deda4c1e8"
    integrity sha512-QfAUtd+vFdAtFQcC8CCyYt1fYWxSqAiK2cSD6zDB8N3cpsEBAvRxp9zOGg6G/SHHJYAT88/az/IuDGALsNVbGg==
    dependencies:
      color-name "1.1.3"
  
  color-name@1.1.3:
    version "1.1.3"
    resolved "https://registry.yarnpkg.com/color-name/-/color-name-1.1.3.tgz#a7d0558bd89c42f795dd42328f740831ca53bc25"
    integrity sha1-p9BVi9icQveV3UIyj3QIMcpTvCU=
  
  color-support@^1.1.3:
    version "1.1.3"
    resolved "https://registry.yarnpkg.com/color-support/-/color-support-1.1.3.tgz#93834379a1cc9a0c61f82f52f0d04322251bd5a2"
    integrity sha512-qiBjkpbMLO/HL68y+lh4q0/O1MZFj2RX6X/KmMa3+gJD3z+WwI1ZzDHysvqHGS3mP6mznPckpXmw1nI9cJjyRg==
  
  colorette@^1.2.1:
    version "1.2.1"
    resolved "https://registry.yarnpkg.com/colorette/-/colorette-1.2.1.tgz#4d0b921325c14faf92633086a536db6e89564b1b"
    integrity sha512-puCDz0CzydiSYOrnXpz/PKd69zRrribezjtE9yd4zvytoRc8+RY/KJPvtPFKZS3E3wP6neGyMe0vOTlHO5L3Pw==
  
  combined-stream@^1.0.6, combined-stream@~1.0.6:
    version "1.0.8"
    resolved "https://registry.yarnpkg.com/combined-stream/-/combined-stream-1.0.8.tgz#c3d45a8b34fd730631a110a8a2520682b31d5a7f"
    integrity sha512-FQN4MRfuJeHf7cBbBMJFXhKSDq+2kAArBlmRBvcvFE5BB1HZKXtSFASDhdlz9zOYwxh8lDdnvmMOe/+5cdoEdg==
    dependencies:
      delayed-stream "~1.0.0"
  
  commander@2.8.x:
    version "2.8.1"
    resolved "https://registry.yarnpkg.com/commander/-/commander-2.8.1.tgz#06be367febfda0c330aa1e2a072d3dc9762425d4"
    integrity sha1-Br42f+v9oMMwqh4qBy09yXYkJdQ=
    dependencies:
      graceful-readlink ">= 1.0.0"
  
  concat-map@0.0.1:
    version "0.0.1"
    resolved "https://registry.yarnpkg.com/concat-map/-/concat-map-0.0.1.tgz#d8a96bd77fd68df7793a73036a3ba0d5405d477b"
    integrity sha1-2Klr13/Wjfd5OnMDajug1UBdR3s=
  
  console-control-strings@^1.0.0, console-control-strings@~1.1.0:
    version "1.1.0"
    resolved "https://registry.yarnpkg.com/console-control-strings/-/console-control-strings-1.1.0.tgz#3d7cf4464db6446ea644bf4b39507f9851008e8e"
    integrity sha1-PXz0Rk22RG6mRL9LOVB/mFEAjo4=
  
  core-util-is@1.0.2, core-util-is@~1.0.0:
    version "1.0.2"
    resolved "https://registry.yarnpkg.com/core-util-is/-/core-util-is-1.0.2.tgz#b5fd54220aa2bc5ab57aab7140c940754503c1a7"
    integrity sha1-tf1UIgqivFq1eqtxQMlAdUUDwac=
  
  cross-spawn@^3.0.0:
    version "3.0.1"
    resolved "https://registry.yarnpkg.com/cross-spawn/-/cross-spawn-3.0.1.tgz#1256037ecb9f0c5f79e3d6ef135e30770184b982"
    integrity sha1-ElYDfsufDF9549bvE14wdwGEuYI=
    dependencies:
      lru-cache "^4.0.1"
      which "^1.2.9"
  
  currently-unhandled@^0.4.1:
    version "0.4.1"
    resolved "https://registry.yarnpkg.com/currently-unhandled/-/currently-unhandled-0.4.1.tgz#988df33feab191ef799a61369dd76c17adf957ea"
    integrity sha1-mI3zP+qxke95mmE2nddsF635V+o=
    dependencies:
      array-find-index "^1.0.1"
  
  dashdash@^1.12.0:
    version "1.14.1"
    resolved "https://registry.yarnpkg.com/dashdash/-/dashdash-1.14.1.tgz#853cfa0f7cbe2fed5de20326b8dd581035f6e2f0"
    integrity sha1-hTz6D3y+L+1d4gMmuN1YEDX24vA=
    dependencies:
      assert-plus "^1.0.0"
  
  dateformat@^2.0.0:
    version "2.2.0"
    resolved "https://registry.yarnpkg.com/dateformat/-/dateformat-2.2.0.tgz#4065e2013cf9fb916ddfd82efb506ad4c6769062"
    integrity sha1-QGXiATz5+5Ft39gu+1Bq1MZ2kGI=
  
  decamelize@^1.1.2, decamelize@^1.2.0:
    version "1.2.0"
    resolved "https://registry.yarnpkg.com/decamelize/-/decamelize-1.2.0.tgz#f6534d15148269b20352e7bee26f501f9a191290"
    integrity sha1-9lNNFRSCabIDUue+4m9QH5oZEpA=
  
  del@^5.1.0:
    version "5.1.0"
    resolved "https://registry.yarnpkg.com/del/-/del-5.1.0.tgz#d9487c94e367410e6eff2925ee58c0c84a75b3a7"
    integrity sha512-wH9xOVHnczo9jN2IW68BabcecVPxacIA3g/7z6vhSU/4stOKQzeCRK0yD0A24WiAAUJmmVpWqrERcTxnLo3AnA==
    dependencies:
      globby "^10.0.1"
      graceful-fs "^4.2.2"
      is-glob "^4.0.1"
      is-path-cwd "^2.2.0"
      is-path-inside "^3.0.1"
      p-map "^3.0.0"
      rimraf "^3.0.0"
      slash "^3.0.0"
  
  delayed-stream@~1.0.0:
    version "1.0.0"
    resolved "https://registry.yarnpkg.com/delayed-stream/-/delayed-stream-1.0.0.tgz#df3ae199acadfb7d440aaae0b29e2272b24ec619"
    integrity sha1-3zrhmayt+31ECqrgsp4icrJOxhk=
  
  delegates@^1.0.0:
    version "1.0.0"
    resolved "https://registry.yarnpkg.com/delegates/-/delegates-1.0.0.tgz#84c6e159b81904fdca59a0ef44cd870d31250f9a"
    integrity sha1-hMbhWbgZBP3KWaDvRM2HDTElD5o=
  
  detect-file@^1.0.0:
    version "1.0.0"
    resolved "https://registry.yarnpkg.com/detect-file/-/detect-file-1.0.0.tgz#f0d66d03672a825cb1b73bdb3fe62310c8e552b7"
    integrity sha1-8NZtA2cqglyxtzvbP+YjEMjlUrc=
  
  dir-glob@^3.0.1:
    version "3.0.1"
    resolved "https://registry.yarnpkg.com/dir-glob/-/dir-glob-3.0.1.tgz#56dbf73d992a4a93ba1584f4534063fd2e41717f"
    integrity sha512-WkrWp9GR4KXfKGYzOLmTuGVi1UWFfws377n9cc55/tb6DuqyF6pcQ5AbiHEshaDpY9v6oaSr2XCDidGmMwdzIA==
    dependencies:
      path-type "^4.0.0"
  
  duplexer2@0.0.2:
    version "0.0.2"
    resolved "https://registry.yarnpkg.com/duplexer2/-/duplexer2-0.0.2.tgz#c614dcf67e2fb14995a91711e5a617e8a60a31db"
    integrity sha1-xhTc9n4vsUmVqRcR5aYX6KYKMds=
    dependencies:
      readable-stream "~1.1.9"
  
  ecc-jsbn@~0.1.1:
    version "0.1.2"
    resolved "https://registry.yarnpkg.com/ecc-jsbn/-/ecc-jsbn-0.1.2.tgz#3a83a904e54353287874c564b7549386849a98c9"
    integrity sha1-OoOpBOVDUyh4dMVkt1SThoSamMk=
    dependencies:
      jsbn "~0.1.0"
      safer-buffer "^2.1.0"
  
  electron-to-chromium@^1.3.523:
    version "1.3.559"
    resolved "https://registry.yarnpkg.com/electron-to-chromium/-/electron-to-chromium-1.3.559.tgz#698e231046e9c7438a42f310373c2d5ba76ea1de"
    integrity sha512-CQChkWNny3Tp8StVV2t/6Yegl7BwgR3Qk4gJ09lffK87IkHdNBy0exo9CBxAA8Mv6ihwWOuM0Pp0gTQc2Y+NTQ==
  
  emoji-regex@^7.0.1:
    version "7.0.3"
    resolved "https://registry.yarnpkg.com/emoji-regex/-/emoji-regex-7.0.3.tgz#933a04052860c85e83c122479c4748a8e4c72156"
    integrity sha512-CwBLREIQ7LvYFB0WyRvwhq5N5qPhc6PMjD6bYggFlI5YyDgl+0vxq5VHbMOFqLg7hfWzmu8T5Z1QofhmTIhItA==
  
  error-ex@^1.2.0:
    version "1.3.2"
    resolved "https://registry.yarnpkg.com/error-ex/-/error-ex-1.3.2.tgz#b4ac40648107fdcdcfae242f428bea8a14d4f1bf"
    integrity sha512-7dFHNmqeFSEt2ZBsCriorKnn3Z2pj+fd9kmI6QoWw4//DL+icEBfc0U7qJCisqrTsKTjw4fNFy2pW9OqStD84g==
    dependencies:
      is-arrayish "^0.2.1"
  
  escalade@^3.0.2:
    version "3.0.2"
    resolved "https://registry.yarnpkg.com/escalade/-/escalade-3.0.2.tgz#6a580d70edb87880f22b4c91d0d56078df6962c4"
    integrity sha512-gPYAU37hYCUhW5euPeR+Y74F7BL+IBsV93j5cvGriSaD1aG6MGsqsV1yamRdrWrb2j3aiZvb0X+UBOWpx3JWtQ==
  
  escape-string-regexp@^1.0.2, escape-string-regexp@^1.0.5:
    version "1.0.5"
    resolved "https://registry.yarnpkg.com/escape-string-regexp/-/escape-string-regexp-1.0.5.tgz#1b61c0562190a8dff6ae3bb2cf0200ca130b86d4"
    integrity sha1-G2HAViGQqN/2rjuyzwIAyhMLhtQ=
  
  expand-tilde@^2.0.0, expand-tilde@^2.0.2:
    version "2.0.2"
    resolved "https://registry.yarnpkg.com/expand-tilde/-/expand-tilde-2.0.2.tgz#97e801aa052df02454de46b02bf621642cdc8502"
    integrity sha1-l+gBqgUt8CRU3kawK/YhZCzchQI=
    dependencies:
      homedir-polyfill "^1.0.1"
  
  extend-shallow@^3.0.2:
    version "3.0.2"
    resolved "https://registry.yarnpkg.com/extend-shallow/-/extend-shallow-3.0.2.tgz#26a71aaf073b39fb2127172746131c2704028db8"
    integrity sha1-Jqcarwc7OfshJxcnRhMcJwQCjbg=
    dependencies:
      assign-symbols "^1.0.0"
      is-extendable "^1.0.1"
  
  extend@~3.0.2:
    version "3.0.2"
    resolved "https://registry.yarnpkg.com/extend/-/extend-3.0.2.tgz#f8b1136b4071fbd8eb140aff858b1019ec2915fa"
    integrity sha512-fjquC59cD7CyW6urNXK0FBufkZcoiGG80wTuPujX590cB5Ttln20E2UB4S/WARVqhXffZl2LNgS+gQdPIIim/g==
  
  extsprintf@1.3.0:
    version "1.3.0"
    resolved "https://registry.yarnpkg.com/extsprintf/-/extsprintf-1.3.0.tgz#96918440e3041a7a414f8c52e3c574eb3c3e1e05"
    integrity sha1-lpGEQOMEGnpBT4xS48V06zw+HgU=
  
  extsprintf@^1.2.0:
    version "1.4.0"
    resolved "https://registry.yarnpkg.com/extsprintf/-/extsprintf-1.4.0.tgz#e2689f8f356fad62cca65a3a91c5df5f9551692f"
    integrity sha1-4mifjzVvrWLMplo6kcXfX5VRaS8=
  
  fancy-log@^1.1.0, fancy-log@^1.2.0, fancy-log@^1.3.2:
    version "1.3.3"
    resolved "https://registry.yarnpkg.com/fancy-log/-/fancy-log-1.3.3.tgz#dbc19154f558690150a23953a0adbd035be45fc7"
    integrity sha512-k9oEhlyc0FrVh25qYuSELjr8oxsCoc4/LEZfg2iJJrfEk/tZL9bCoJE47gqAvI2m/AUjluCS4+3I0eTx8n3AEw==
    dependencies:
      ansi-gray "^0.1.1"
      color-support "^1.1.3"
      parse-node-version "^1.0.0"
      time-stamp "^1.0.0"
  
  fast-deep-equal@^3.1.1:
    version "3.1.3"
    resolved "https://registry.yarnpkg.com/fast-deep-equal/-/fast-deep-equal-3.1.3.tgz#3a7d56b559d6cbc3eb512325244e619a65c6c525"
    integrity sha512-f3qQ9oQy9j2AhBe/H9VC91wLmKBCCU/gDOnKNAYG5hswO7BLKj09Hc5HYNz9cGI++xlpDCIgDaitVs03ATR84Q==
  
  fast-glob@^3.0.3:
    version "3.2.4"
    resolved "https://registry.yarnpkg.com/fast-glob/-/fast-glob-3.2.4.tgz#d20aefbf99579383e7f3cc66529158c9b98554d3"
    integrity sha512-kr/Oo6PX51265qeuCYsyGypiO5uJFgBS0jksyG7FUeCyQzNwYnzrNIMR1NXfkZXsMYXYLRAHgISHBz8gQcxKHQ==
    dependencies:
      "@nodelib/fs.stat" "^2.0.2"
      "@nodelib/fs.walk" "^1.2.3"
      glob-parent "^5.1.0"
      merge2 "^1.3.0"
      micromatch "^4.0.2"
      picomatch "^2.2.1"
  
  fast-json-stable-stringify@^2.0.0:
    version "2.1.0"
    resolved "https://registry.yarnpkg.com/fast-json-stable-stringify/-/fast-json-stable-stringify-2.1.0.tgz#874bf69c6f404c2b5d99c481341399fd55892633"
    integrity sha512-lhd/wF+Lk98HZoTCtlVraHtfh5XYijIjalXck7saUtuanSDyLMxnHhSXEDJqHxD7msR8D0uCmqlkwjCV8xvwHw==
  
  fastq@^1.6.0:
    version "1.8.0"
    resolved "https://registry.yarnpkg.com/fastq/-/fastq-1.8.0.tgz#550e1f9f59bbc65fe185cb6a9b4d95357107f481"
    integrity sha512-SMIZoZdLh/fgofivvIkmknUXyPnvxRE3DhtZ5Me3Mrsk5gyPL42F0xr51TdRXskBxHfMp+07bcYzfsYEsSQA9Q==
    dependencies:
      reusify "^1.0.4"
  
  fill-range@^7.0.1:
    version "7.0.1"
    resolved "https://registry.yarnpkg.com/fill-range/-/fill-range-7.0.1.tgz#1919a6a7c75fe38b2c7c77e5198535da9acdda40"
    integrity sha512-qOo9F+dMUmC2Lcb4BbVvnKJxTPjCm+RRpe4gDuGrzkL7mEVl/djYSu2OdQ2Pa302N4oqkSg9ir6jaLWJ2USVpQ==
    dependencies:
      to-regex-range "^5.0.1"
  
  find-up@^1.0.0:
    version "1.1.2"
    resolved "https://registry.yarnpkg.com/find-up/-/find-up-1.1.2.tgz#6b2e9822b1a2ce0a60ab64d610eccad53cb24d0f"
    integrity sha1-ay6YIrGizgpgq2TWEOzK1TyyTQ8=
    dependencies:
      path-exists "^2.0.0"
      pinkie-promise "^2.0.0"
  
  find-up@^3.0.0:
    version "3.0.0"
    resolved "https://registry.yarnpkg.com/find-up/-/find-up-3.0.0.tgz#49169f1d7993430646da61ecc5ae355c21c97b73"
    integrity sha512-1yD6RmLI1XBfxugvORwlck6f75tYL+iR0jqwsOrOxMZyGYqUuDhJ0l4AXdO1iX/FTs9cBAMEk1gWSEx1kSbylg==
    dependencies:
      locate-path "^3.0.0"
  
  findup-sync@^4.0.0:
    version "4.0.0"
    resolved "https://registry.yarnpkg.com/findup-sync/-/findup-sync-4.0.0.tgz#956c9cdde804052b881b428512905c4a5f2cdef0"
    integrity sha512-6jvvn/12IC4quLBL1KNokxC7wWTvYncaVUYSoxWw7YykPLuRrnv4qdHcSOywOI5RpkOVGeQRtWM8/q+G6W6qfQ==
    dependencies:
      detect-file "^1.0.0"
      is-glob "^4.0.0"
      micromatch "^4.0.2"
      resolve-dir "^1.0.1"
  
  forever-agent@~0.6.1:
    version "0.6.1"
    resolved "https://registry.yarnpkg.com/forever-agent/-/forever-agent-0.6.1.tgz#fbc71f0c41adeb37f96c577ad1ed42d8fdacca91"
    integrity sha1-+8cfDEGt6zf5bFd60e1C2P2sypE=
  
  form-data@~2.3.2:
    version "2.3.3"
    resolved "https://registry.yarnpkg.com/form-data/-/form-data-2.3.3.tgz#dcce52c05f644f298c6a7ab936bd724ceffbf3a6"
    integrity sha512-1lLKB2Mu3aGP1Q/2eCOx0fNbRMe7XdwktwOruhfqqd0rIJWwN4Dh+E3hrPSlDCXnSR7UtZ1N38rVXm+6+MEhJQ==
    dependencies:
      asynckit "^0.4.0"
      combined-stream "^1.0.6"
      mime-types "^2.1.12"
  
  fs.realpath@^1.0.0:
    version "1.0.0"
    resolved "https://registry.yarnpkg.com/fs.realpath/-/fs.realpath-1.0.0.tgz#1504ad2523158caa40db4a2787cb01411994ea4f"
    integrity sha1-FQStJSMVjKpA20onh8sBQRmU6k8=
  
  fstream@^1.0.0, fstream@^1.0.12:
    version "1.0.12"
    resolved "https://registry.yarnpkg.com/fstream/-/fstream-1.0.12.tgz#4e8ba8ee2d48be4f7d0de505455548eae5932045"
    integrity sha512-WvJ193OHa0GHPEL+AycEJgxvBEwyfRkN1vhjca23OaPVMCaLCXTd5qAu82AjTcgP1UJmytkOKb63Ypde7raDIg==
    dependencies:
      graceful-fs "^4.1.2"
      inherits "~2.0.0"
      mkdirp ">=0.5 0"
      rimraf "2"
  
  gauge@~2.7.3:
    version "2.7.4"
    resolved "https://registry.yarnpkg.com/gauge/-/gauge-2.7.4.tgz#2c03405c7538c39d7eb37b317022e325fb018bf7"
    integrity sha1-LANAXHU4w51+s3sxcCLjJfsBi/c=
    dependencies:
      aproba "^1.0.3"
      console-control-strings "^1.0.0"
      has-unicode "^2.0.0"
      object-assign "^4.1.0"
      signal-exit "^3.0.0"
      string-width "^1.0.1"
      strip-ansi "^3.0.1"
      wide-align "^1.1.0"
  
  gaze@^1.0.0:
    version "1.1.3"
    resolved "https://registry.yarnpkg.com/gaze/-/gaze-1.1.3.tgz#c441733e13b927ac8c0ff0b4c3b033f28812924a"
    integrity sha512-BRdNm8hbWzFzWHERTrejLqwHDfS4GibPoq5wjTPIoJHoBtKGPg3xAFfxmM+9ztbXelxcf2hwQcaz1PtmFeue8g==
    dependencies:
      globule "^1.0.0"
  
  get-caller-file@^2.0.1:
    version "2.0.5"
    resolved "https://registry.yarnpkg.com/get-caller-file/-/get-caller-file-2.0.5.tgz#4f94412a82db32f36e3b0b9741f8a97feb031f7e"
    integrity sha512-DyFP3BM/3YHTQOCUL/w0OZHR0lpKeGrxotcHWcqNEdnltqFwXVfhEBQ94eIo34AfQpo0rGki4cyIiftY06h2Fg==
  
  get-stdin@^4.0.1:
    version "4.0.1"
    resolved "https://registry.yarnpkg.com/get-stdin/-/get-stdin-4.0.1.tgz#b968c6b0a04384324902e8bf1a5df32579a450fe"
    integrity sha1-uWjGsKBDhDJJAui/Gl3zJXmkUP4=
  
  getpass@^0.1.1:
    version "0.1.7"
    resolved "https://registry.yarnpkg.com/getpass/-/getpass-0.1.7.tgz#5eff8e3e684d569ae4cb2b1282604e8ba62149fa"
    integrity sha1-Xv+OPmhNVprkyysSgmBOi6YhSfo=
    dependencies:
      assert-plus "^1.0.0"
  
  glob-parent@^5.1.0:
    version "5.1.1"
    resolved "https://registry.yarnpkg.com/glob-parent/-/glob-parent-5.1.1.tgz#b6c1ef417c4e5663ea498f1c45afac6916bbc229"
    integrity sha512-FnI+VGOpnlGHWZxthPGR+QhR78fuiK0sNLkHQv+bL9fQi57lNNdquIbna/WrfROrolq8GK5Ek6BiMwqL/voRYQ==
    dependencies:
      is-glob "^4.0.1"
  
  glob@^7.0.0, glob@^7.0.3, glob@^7.1.2, glob@^7.1.3, glob@~7.1.1:
    version "7.1.6"
    resolved "https://registry.yarnpkg.com/glob/-/glob-7.1.6.tgz#141f33b81a7c2492e125594307480c46679278a6"
    integrity sha512-LwaxwyZ72Lk7vZINtNNrywX0ZuLyStrdDtabefZKAY5ZGJhVtgdznluResxNmPitE0SAO+O26sWTHeKSI2wMBA==
    dependencies:
      fs.realpath "^1.0.0"
      inflight "^1.0.4"
      inherits "2"
      minimatch "^3.0.4"
      once "^1.3.0"
      path-is-absolute "^1.0.0"
  
  global-modules@^1.0.0:
    version "1.0.0"
    resolved "https://registry.yarnpkg.com/global-modules/-/global-modules-1.0.0.tgz#6d770f0eb523ac78164d72b5e71a8877265cc3ea"
    integrity sha512-sKzpEkf11GpOFuw0Zzjzmt4B4UZwjOcG757PPvrfhxcLFbq0wpsgpOqxpxtxFiCG4DtG93M6XRVbF2oGdev7bg==
    dependencies:
      global-prefix "^1.0.1"
      is-windows "^1.0.1"
      resolve-dir "^1.0.0"
  
  global-prefix@^1.0.1:
    version "1.0.2"
    resolved "https://registry.yarnpkg.com/global-prefix/-/global-prefix-1.0.2.tgz#dbf743c6c14992593c655568cb66ed32c0122ebe"
    integrity sha1-2/dDxsFJklk8ZVVoy2btMsASLr4=
    dependencies:
      expand-tilde "^2.0.2"
      homedir-polyfill "^1.0.1"
      ini "^1.3.4"
      is-windows "^1.0.1"
      which "^1.2.14"
  
  globby@^10.0.1:
    version "10.0.2"
    resolved "https://registry.yarnpkg.com/globby/-/globby-10.0.2.tgz#277593e745acaa4646c3ab411289ec47a0392543"
    integrity sha512-7dUi7RvCoT/xast/o/dLN53oqND4yk0nsHkhRgn9w65C4PofCLOoJ39iSOg+qVDdWQPIEj+eszMHQ+aLVwwQSg==
    dependencies:
      "@types/glob" "^7.1.1"
      array-union "^2.1.0"
      dir-glob "^3.0.1"
      fast-glob "^3.0.3"
      glob "^7.1.3"
      ignore "^5.1.1"
      merge2 "^1.2.3"
      slash "^3.0.0"
  
  globule@^1.0.0:
    version "1.3.2"
    resolved "https://registry.yarnpkg.com/globule/-/globule-1.3.2.tgz#d8bdd9e9e4eef8f96e245999a5dee7eb5d8529c4"
    integrity sha512-7IDTQTIu2xzXkT+6mlluidnWo+BypnbSoEVVQCGfzqnl5Ik8d3e1d4wycb8Rj9tWW+Z39uPWsdlquqiqPCd/pA==
    dependencies:
      glob "~7.1.1"
      lodash "~4.17.10"
      minimatch "~3.0.2"
  
  glogg@^1.0.0:
    version "1.0.2"
    resolved "https://registry.yarnpkg.com/glogg/-/glogg-1.0.2.tgz#2d7dd702beda22eb3bffadf880696da6d846313f"
    integrity sha512-5mwUoSuBk44Y4EshyiqcH95ZntbDdTQqA3QYSrxmzj28Ai0vXBGMH1ApSANH14j2sIRtqCEyg6PfsuP7ElOEDA==
    dependencies:
      sparkles "^1.0.0"
  
  graceful-fs@^4.1.2, graceful-fs@^4.2.2:
    version "4.2.4"
    resolved "https://registry.yarnpkg.com/graceful-fs/-/graceful-fs-4.2.4.tgz#2256bde14d3632958c465ebc96dc467ca07a29fb"
    integrity sha512-WjKPNJF79dtJAVniUlGGWHYGz2jWxT6VhN/4m1NdkbZ2nOsEF+cI1Edgql5zCRhs/VsQYRvrXctxktVXZUkixw==
  
  "graceful-readlink@>= 1.0.0":
    version "1.0.1"
    resolved "https://registry.yarnpkg.com/graceful-readlink/-/graceful-readlink-1.0.1.tgz#4cafad76bc62f02fa039b2f94e9a3dd3a391a725"
    integrity sha1-TK+tdrxi8C+gObL5Tpo906ORpyU=
  
  gulp-autoprefixer@^7.0.1:
    version "7.0.1"
    resolved "https://registry.yarnpkg.com/gulp-autoprefixer/-/gulp-autoprefixer-7.0.1.tgz#3c0dc26afc802d317e7560a7f760a0399049075a"
    integrity sha512-QJGEmHw+bEt7FSqvmbAUTxbCuNLJYx4sz3ox9WouYqT/7j5FH5CQ8ZnpL1M7H5npX1bUJa7lUVY1w20jXxhOxg==
    dependencies:
      autoprefixer "^9.6.1"
      fancy-log "^1.3.2"
      plugin-error "^1.0.1"
      postcss "^7.0.17"
      through2 "^3.0.1"
      vinyl-sourcemaps-apply "^0.2.1"
  
  gulp-load-plugins@^2.0.4:
    version "2.0.4"
    resolved "https://registry.yarnpkg.com/gulp-load-plugins/-/gulp-load-plugins-2.0.4.tgz#e045c1af5238b31fb3e049abceae0d304f658132"
    integrity sha512-pMvplJGBY0ej4q1yGTUUWY6CHd1cwOsf+0E+lsvR941CTASofYyrdJ3q8EgXY0wLHACWPrO0COsr1DFWJ7zzhg==
    dependencies:
      array-unique "^0.3.2"
      fancy-log "^1.2.0"
      findup-sync "^4.0.0"
      gulplog "^1.0.0"
      has-gulplog "^0.1.0"
      micromatch "^4.0.2"
      resolve "^1.17.0"
  
  gulp-minify-css@^1.2.4:
    version "1.2.4"
    resolved "https://registry.yarnpkg.com/gulp-minify-css/-/gulp-minify-css-1.2.4.tgz#b6164957602ea27f9e5ad88227695dd205778c06"
    integrity sha1-thZJV2Auon+eWtiCJ2ld0gV3jAY=
    dependencies:
      clean-css "^3.3.3"
      gulp-util "^3.0.5"
      object-assign "^4.0.1"
      readable-stream "^2.0.0"
      vinyl-bufferstream "^1.0.1"
      vinyl-sourcemaps-apply "^0.2.0"
  
  gulp-sass@^4.1.0:
    version "4.1.0"
    resolved "https://registry.yarnpkg.com/gulp-sass/-/gulp-sass-4.1.0.tgz#486d7443c32d42bf31a6b1573ebbdaa361de7427"
    integrity sha512-xIiwp9nkBLcJDpmYHbEHdoWZv+j+WtYaKD6Zil/67F3nrAaZtWYN5mDwerdo7EvcdBenSAj7Xb2hx2DqURLGdA==
    dependencies:
      chalk "^2.3.0"
      lodash "^4.17.11"
      node-sass "^4.8.3"
      plugin-error "^1.0.1"
      replace-ext "^1.0.0"
      strip-ansi "^4.0.0"
      through2 "^2.0.0"
      vinyl-sourcemaps-apply "^0.2.0"
  
  gulp-uglify@^3.0.2:
    version "3.0.2"
    resolved "https://registry.yarnpkg.com/gulp-uglify/-/gulp-uglify-3.0.2.tgz#5f5b2e8337f879ca9dec971feb1b82a5a87850b0"
    integrity sha512-gk1dhB74AkV2kzqPMQBLA3jPoIAPd/nlNzP2XMDSG8XZrqnlCiDGAqC+rZOumzFvB5zOphlFh6yr3lgcAb/OOg==
    dependencies:
      array-each "^1.0.1"
      extend-shallow "^3.0.2"
      gulplog "^1.0.0"
      has-gulplog "^0.1.0"
      isobject "^3.0.1"
      make-error-cause "^1.1.1"
      safe-buffer "^5.1.2"
      through2 "^2.0.0"
      uglify-js "^3.0.5"
      vinyl-sourcemaps-apply "^0.2.0"
  
  gulp-util@^3.0.5:
    version "3.0.8"
    resolved "https://registry.yarnpkg.com/gulp-util/-/gulp-util-3.0.8.tgz#0054e1e744502e27c04c187c3ecc505dd54bbb4f"
    integrity sha1-AFTh50RQLifATBh8PsxQXdVLu08=
    dependencies:
      array-differ "^1.0.0"
      array-uniq "^1.0.2"
      beeper "^1.0.0"
      chalk "^1.0.0"
      dateformat "^2.0.0"
      fancy-log "^1.1.0"
      gulplog "^1.0.0"
      has-gulplog "^0.1.0"
      lodash._reescape "^3.0.0"
      lodash._reevaluate "^3.0.0"
      lodash._reinterpolate "^3.0.0"
      lodash.template "^3.0.0"
      minimist "^1.1.0"
      multipipe "^0.1.2"
      object-assign "^3.0.0"
      replace-ext "0.0.1"
      through2 "^2.0.0"
      vinyl "^0.5.0"
  
  gulplog@^1.0.0:
    version "1.0.0"
    resolved "https://registry.yarnpkg.com/gulplog/-/gulplog-1.0.0.tgz#e28c4d45d05ecbbed818363ce8f9c5926229ffe5"
    integrity sha1-4oxNRdBey77YGDY86PnFkmIp/+U=
    dependencies:
      glogg "^1.0.0"
  
  har-schema@^2.0.0:
    version "2.0.0"
    resolved "https://registry.yarnpkg.com/har-schema/-/har-schema-2.0.0.tgz#a94c2224ebcac04782a0d9035521f24735b7ec92"
    integrity sha1-qUwiJOvKwEeCoNkDVSHyRzW37JI=
  
  har-validator@~5.1.3:
    version "5.1.5"
    resolved "https://registry.yarnpkg.com/har-validator/-/har-validator-5.1.5.tgz#1f0803b9f8cb20c0fa13822df1ecddb36bde1efd"
    integrity sha512-nmT2T0lljbxdQZfspsno9hgrG3Uir6Ks5afism62poxqBM6sDnMEuPmzTq8XN0OEwqKLLdh1jQI3qyE66Nzb3w==
    dependencies:
      ajv "^6.12.3"
      har-schema "^2.0.0"
  
  has-ansi@^2.0.0:
    version "2.0.0"
    resolved "https://registry.yarnpkg.com/has-ansi/-/has-ansi-2.0.0.tgz#34f5049ce1ecdf2b0649af3ef24e45ed35416d91"
    integrity sha1-NPUEnOHs3ysGSa8+8k5F7TVBbZE=
    dependencies:
      ansi-regex "^2.0.0"
  
  has-flag@^3.0.0:
    version "3.0.0"
    resolved "https://registry.yarnpkg.com/has-flag/-/has-flag-3.0.0.tgz#b5d454dc2199ae225699f3467e5a07f3b955bafd"
    integrity sha1-tdRU3CGZriJWmfNGfloH87lVuv0=
  
  has-gulplog@^0.1.0:
    version "0.1.0"
    resolved "https://registry.yarnpkg.com/has-gulplog/-/has-gulplog-0.1.0.tgz#6414c82913697da51590397dafb12f22967811ce"
    integrity sha1-ZBTIKRNpfaUVkDl9r7EvIpZ4Ec4=
    dependencies:
      sparkles "^1.0.0"
  
  has-unicode@^2.0.0:
    version "2.0.1"
    resolved "https://registry.yarnpkg.com/has-unicode/-/has-unicode-2.0.1.tgz#e0e6fe6a28cf51138855e086d1691e771de2a8b9"
    integrity sha1-4Ob+aijPUROIVeCG0Wkedx3iqLk=
  
  homedir-polyfill@^1.0.1:
    version "1.0.3"
    resolved "https://registry.yarnpkg.com/homedir-polyfill/-/homedir-polyfill-1.0.3.tgz#743298cef4e5af3e194161fbadcc2151d3a058e8"
    integrity sha512-eSmmWE5bZTK2Nou4g0AI3zZ9rswp7GRKoKXS1BLUkvPviOqs4YTN1djQIqrXy9k5gEtdLPy86JjRwsNM9tnDcA==
    dependencies:
      parse-passwd "^1.0.0"
  
  hosted-git-info@^2.1.4:
    version "2.8.8"
    resolved "https://registry.yarnpkg.com/hosted-git-info/-/hosted-git-info-2.8.8.tgz#7539bd4bc1e0e0a895815a2e0262420b12858488"
    integrity sha512-f/wzC2QaWBs7t9IYqB4T3sR1xviIViXJRJTWBlx2Gf3g0Xi5vI7Yy4koXQ1c9OYDGHN9sBy1DQ2AB8fqZBWhUg==
  
  http-signature@~1.2.0:
    version "1.2.0"
    resolved "https://registry.yarnpkg.com/http-signature/-/http-signature-1.2.0.tgz#9aecd925114772f3d95b65a60abb8f7c18fbace1"
    integrity sha1-muzZJRFHcvPZW2WmCruPfBj7rOE=
    dependencies:
      assert-plus "^1.0.0"
      jsprim "^1.2.2"
      sshpk "^1.7.0"
  
  ignore@^5.1.1:
    version "5.1.8"
    resolved "https://registry.yarnpkg.com/ignore/-/ignore-5.1.8.tgz#f150a8b50a34289b33e22f5889abd4d8016f0e57"
    integrity sha512-BMpfD7PpiETpBl/A6S498BaIJ6Y/ABT93ETbby2fP00v4EbvPBXWEoaR1UBPKs3iR53pJY7EtZk5KACI57i1Uw==
  
  in-publish@^2.0.0:
    version "2.0.1"
    resolved "https://registry.yarnpkg.com/in-publish/-/in-publish-2.0.1.tgz#948b1a535c8030561cea522f73f78f4be357e00c"
    integrity sha512-oDM0kUSNFC31ShNxHKUyfZKy8ZeXZBWMjMdZHKLOk13uvT27VTL/QzRGfRUcevJhpkZAvlhPYuXkF7eNWrtyxQ==
  
  indent-string@^2.1.0:
    version "2.1.0"
    resolved "https://registry.yarnpkg.com/indent-string/-/indent-string-2.1.0.tgz#8e2d48348742121b4a8218b7a137e9a52049dc80"
    integrity sha1-ji1INIdCEhtKghi3oTfppSBJ3IA=
    dependencies:
      repeating "^2.0.0"
  
  indent-string@^4.0.0:
    version "4.0.0"
    resolved "https://registry.yarnpkg.com/indent-string/-/indent-string-4.0.0.tgz#624f8f4497d619b2d9768531d58f4122854d7251"
    integrity sha512-EdDDZu4A2OyIK7Lr/2zG+w5jmbuk1DVBnEwREQvBzspBJkCEbRa8GxU1lghYcaGJCnRWibjDXlq779X1/y5xwg==
  
  inflight@^1.0.4:
    version "1.0.6"
    resolved "https://registry.yarnpkg.com/inflight/-/inflight-1.0.6.tgz#49bd6331d7d02d0c09bc910a1075ba8165b56df9"
    integrity sha1-Sb1jMdfQLQwJvJEKEHW6gWW1bfk=
    dependencies:
      once "^1.3.0"
      wrappy "1"
  
  inherits@2, inherits@^2.0.3, inherits@^2.0.4, inherits@~2.0.0, inherits@~2.0.1, inherits@~2.0.3:
    version "2.0.4"
    resolved "https://registry.yarnpkg.com/inherits/-/inherits-2.0.4.tgz#0fa2c64f932917c3433a0ded55363aae37416b7c"
    integrity sha512-k/vGaX4/Yla3WzyMCvTQOXYeIHvqOKtnqBduzTHpzpQZzAskKMhZ2K+EnBiSM9zGSoIFeMpXKxa4dYeZIQqewQ==
  
  ini@^1.3.4:
    version "1.3.5"
    resolved "https://registry.yarnpkg.com/ini/-/ini-1.3.5.tgz#eee25f56db1c9ec6085e0c22778083f596abf927"
    integrity sha512-RZY5huIKCMRWDUqZlEi72f/lmXKMvuszcMBduliQ3nnWbx9X/ZBQO7DijMEYS9EhHBb2qacRUMtC7svLwe0lcw==
  
  is-arrayish@^0.2.1:
    version "0.2.1"
    resolved "https://registry.yarnpkg.com/is-arrayish/-/is-arrayish-0.2.1.tgz#77c99840527aa8ecb1a8ba697b80645a7a926a9d"
    integrity sha1-d8mYQFJ6qOyxqLppe4BkWnqSap0=
  
  is-extendable@^1.0.1:
    version "1.0.1"
    resolved "https://registry.yarnpkg.com/is-extendable/-/is-extendable-1.0.1.tgz#a7470f9e426733d81bd81e1155264e3a3507cab4"
    integrity sha512-arnXMxT1hhoKo9k1LZdmlNyJdDDfy2v0fXjFlmok4+i8ul/6WlbVge9bhM74OpNPQPMGUToDtz+KXa1PneJxOA==
    dependencies:
      is-plain-object "^2.0.4"
  
  is-extglob@^2.1.1:
    version "2.1.1"
    resolved "https://registry.yarnpkg.com/is-extglob/-/is-extglob-2.1.1.tgz#a88c02535791f02ed37c76a1b9ea9773c833f8c2"
    integrity sha1-qIwCU1eR8C7TfHahueqXc8gz+MI=
  
  is-finite@^1.0.0:
    version "1.1.0"
    resolved "https://registry.yarnpkg.com/is-finite/-/is-finite-1.1.0.tgz#904135c77fb42c0641d6aa1bcdbc4daa8da082f3"
    integrity sha512-cdyMtqX/BOqqNBBiKlIVkytNHm49MtMlYyn1zxzvJKWmFMlGzm+ry5BBfYyeY9YmNKbRSo/o7OX9w9ale0wg3w==
  
  is-fullwidth-code-point@^1.0.0:
    version "1.0.0"
    resolved "https://registry.yarnpkg.com/is-fullwidth-code-point/-/is-fullwidth-code-point-1.0.0.tgz#ef9e31386f031a7f0d643af82fde50c457ef00cb"
    integrity sha1-754xOG8DGn8NZDr4L95QxFfvAMs=
    dependencies:
      number-is-nan "^1.0.0"
  
  is-fullwidth-code-point@^2.0.0:
    version "2.0.0"
    resolved "https://registry.yarnpkg.com/is-fullwidth-code-point/-/is-fullwidth-code-point-2.0.0.tgz#a3b30a5c4f199183167aaab93beefae3ddfb654f"
    integrity sha1-o7MKXE8ZkYMWeqq5O+764937ZU8=
  
  is-glob@^4.0.0, is-glob@^4.0.1:
    version "4.0.1"
    resolved "https://registry.yarnpkg.com/is-glob/-/is-glob-4.0.1.tgz#7567dbe9f2f5e2467bc77ab83c4a29482407a5dc"
    integrity sha512-5G0tKtBTFImOqDnLB2hG6Bp2qcKEFduo4tZu9MT/H6NQv/ghhy30o55ufafxJ/LdH79LLs2Kfrn85TLKyA7BUg==
    dependencies:
      is-extglob "^2.1.1"
  
  is-number@^7.0.0:
    version "7.0.0"
    resolved "https://registry.yarnpkg.com/is-number/-/is-number-7.0.0.tgz#7535345b896734d5f80c4d06c50955527a14f12b"
    integrity sha512-41Cifkg6e8TylSpdtTpeLVMqvSBEVzTttHvERD741+pnZ8ANv0004MRL43QKPDlK9cGvNp6NZWZUBlbGXYxxng==
  
  is-path-cwd@^2.2.0:
    version "2.2.0"
    resolved "https://registry.yarnpkg.com/is-path-cwd/-/is-path-cwd-2.2.0.tgz#67d43b82664a7b5191fd9119127eb300048a9fdb"
    integrity sha512-w942bTcih8fdJPJmQHFzkS76NEP8Kzzvmw92cXsazb8intwLqPibPPdXf4ANdKV3rYMuuQYGIWtvz9JilB3NFQ==
  
  is-path-inside@^3.0.1:
    version "3.0.2"
    resolved "https://registry.yarnpkg.com/is-path-inside/-/is-path-inside-3.0.2.tgz#f5220fc82a3e233757291dddc9c5877f2a1f3017"
    integrity sha512-/2UGPSgmtqwo1ktx8NDHjuPwZWmHhO+gj0f93EkhLB5RgW9RZevWYYlIkS6zePc6U2WpOdQYIwHe9YC4DWEBVg==
  
  is-plain-object@^2.0.4:
    version "2.0.4"
    resolved "https://registry.yarnpkg.com/is-plain-object/-/is-plain-object-2.0.4.tgz#2c163b3fafb1b606d9d17928f05c2a1c38e07677"
    integrity sha512-h5PpgXkWitc38BBMYawTYMWJHFZJVnBquFE57xFpjB8pJFiF6gZ+bU+WyI/yqXiFR5mdLsgYNaPe8uao6Uv9Og==
    dependencies:
      isobject "^3.0.1"
  
  is-typedarray@~1.0.0:
    version "1.0.0"
    resolved "https://registry.yarnpkg.com/is-typedarray/-/is-typedarray-1.0.0.tgz#e479c80858df0c1b11ddda6940f96011fcda4a9a"
    integrity sha1-5HnICFjfDBsR3dppQPlgEfzaSpo=
  
  is-utf8@^0.2.0:
    version "0.2.1"
    resolved "https://registry.yarnpkg.com/is-utf8/-/is-utf8-0.2.1.tgz#4b0da1442104d1b336340e80797e865cf39f7d72"
    integrity sha1-Sw2hRCEE0bM2NA6AeX6GXPOffXI=
  
  is-windows@^1.0.1:
    version "1.0.2"
    resolved "https://registry.yarnpkg.com/is-windows/-/is-windows-1.0.2.tgz#d1850eb9791ecd18e6182ce12a30f396634bb19d"
    integrity sha512-eXK1UInq2bPmjyX6e3VHIzMLobc4J94i4AWn+Hpq3OU5KkrRC96OAcR3PRJ/pGu6m8TRnBHP9dkXQVsT/COVIA==
  
  isarray@0.0.1:
    version "0.0.1"
    resolved "https://registry.yarnpkg.com/isarray/-/isarray-0.0.1.tgz#8a18acfca9a8f4177e09abfc6038939b05d1eedf"
    integrity sha1-ihis/Kmo9Bd+Cav8YDiTmwXR7t8=
  
  isarray@~1.0.0:
    version "1.0.0"
    resolved "https://registry.yarnpkg.com/isarray/-/isarray-1.0.0.tgz#bb935d48582cba168c06834957a54a3e07124f11"
    integrity sha1-u5NdSFgsuhaMBoNJV6VKPgcSTxE=
  
  isexe@^2.0.0:
    version "2.0.0"
    resolved "https://registry.yarnpkg.com/isexe/-/isexe-2.0.0.tgz#e8fbf374dc556ff8947a10dcb0572d633f2cfa10"
    integrity sha1-6PvzdNxVb/iUehDcsFctYz8s+hA=
  
  isobject@^3.0.1:
    version "3.0.1"
    resolved "https://registry.yarnpkg.com/isobject/-/isobject-3.0.1.tgz#4e431e92b11a9731636aa1f9c8d1ccbcfdab78df"
    integrity sha1-TkMekrEalzFjaqH5yNHMvP2reN8=
  
  isstream@~0.1.2:
    version "0.1.2"
    resolved "https://registry.yarnpkg.com/isstream/-/isstream-0.1.2.tgz#47e63f7af55afa6f92e1500e690eb8b8529c099a"
    integrity sha1-R+Y/evVa+m+S4VAOaQ64uFKcCZo=
  
  js-base64@^2.1.8:
    version "2.6.4"
    resolved "https://registry.yarnpkg.com/js-base64/-/js-base64-2.6.4.tgz#f4e686c5de1ea1f867dbcad3d46d969428df98c4"
    integrity sha512-pZe//GGmwJndub7ZghVHz7vjb2LgC1m8B07Au3eYqeqv9emhESByMXxaEgkUkEqJe87oBbSniGYoQNIBklc7IQ==
  
  jsbn@~0.1.0:
    version "0.1.1"
    resolved "https://registry.yarnpkg.com/jsbn/-/jsbn-0.1.1.tgz#a5e654c2e5a2deb5f201d96cefbca80c0ef2f513"
    integrity sha1-peZUwuWi3rXyAdls77yoDA7y9RM=
  
  json-schema-traverse@^0.4.1:
    version "0.4.1"
    resolved "https://registry.yarnpkg.com/json-schema-traverse/-/json-schema-traverse-0.4.1.tgz#69f6a87d9513ab8bb8fe63bdb0979c448e684660"
    integrity sha512-xbbCH5dCYU5T8LcEhhuh7HJ88HXuW3qsI3Y0zOZFKfZEHcpWiHU/Jxzk629Brsab/mMiHQti9wMP+845RPe3Vg==
  
  json-schema@0.2.3:
    version "0.2.3"
    resolved "https://registry.yarnpkg.com/json-schema/-/json-schema-0.2.3.tgz#b480c892e59a2f05954ce727bd3f2a4e882f9e13"
    integrity sha1-tIDIkuWaLwWVTOcnvT8qTogvnhM=
  
  json-stringify-safe@~5.0.1:
    version "5.0.1"
    resolved "https://registry.yarnpkg.com/json-stringify-safe/-/json-stringify-safe-5.0.1.tgz#1296a2d58fd45f19a0f6ce01d65701e2c735b6eb"
    integrity sha1-Epai1Y/UXxmg9s4B1lcB4sc1tus=
  
  jsprim@^1.2.2:
    version "1.4.1"
    resolved "https://registry.yarnpkg.com/jsprim/-/jsprim-1.4.1.tgz#313e66bc1e5cc06e438bc1b7499c2e5c56acb6a2"
    integrity sha1-MT5mvB5cwG5Di8G3SZwuXFastqI=
    dependencies:
      assert-plus "1.0.0"
      extsprintf "1.3.0"
      json-schema "0.2.3"
      verror "1.10.0"
  
  load-json-file@^1.0.0:
    version "1.1.0"
    resolved "https://registry.yarnpkg.com/load-json-file/-/load-json-file-1.1.0.tgz#956905708d58b4bab4c2261b04f59f31c99374c0"
    integrity sha1-lWkFcI1YtLq0wiYbBPWfMcmTdMA=
    dependencies:
      graceful-fs "^4.1.2"
      parse-json "^2.2.0"
      pify "^2.0.0"
      pinkie-promise "^2.0.0"
      strip-bom "^2.0.0"
  
  locate-path@^3.0.0:
    version "3.0.0"
    resolved "https://registry.yarnpkg.com/locate-path/-/locate-path-3.0.0.tgz#dbec3b3ab759758071b58fe59fc41871af21400e"
    integrity sha512-7AO748wWnIhNqAuaty2ZWHkQHRSNfPVIsPIfwEOWO22AmaoVrWavlOcMR5nzTLNYvp36X220/maaRsrec1G65A==
    dependencies:
      p-locate "^3.0.0"
      path-exists "^3.0.0"
  
  lodash._basecopy@^3.0.0:
    version "3.0.1"
    resolved "https://registry.yarnpkg.com/lodash._basecopy/-/lodash._basecopy-3.0.1.tgz#8da0e6a876cf344c0ad8a54882111dd3c5c7ca36"
    integrity sha1-jaDmqHbPNEwK2KVIghEd08XHyjY=
  
  lodash._basetostring@^3.0.0:
    version "3.0.1"
    resolved "https://registry.yarnpkg.com/lodash._basetostring/-/lodash._basetostring-3.0.1.tgz#d1861d877f824a52f669832dcaf3ee15566a07d5"
    integrity sha1-0YYdh3+CSlL2aYMtyvPuFVZqB9U=
  
  lodash._basevalues@^3.0.0:
    version "3.0.0"
    resolved "https://registry.yarnpkg.com/lodash._basevalues/-/lodash._basevalues-3.0.0.tgz#5b775762802bde3d3297503e26300820fdf661b7"
    integrity sha1-W3dXYoAr3j0yl1A+JjAIIP32Ybc=
  
  lodash._getnative@^3.0.0:
    version "3.9.1"
    resolved "https://registry.yarnpkg.com/lodash._getnative/-/lodash._getnative-3.9.1.tgz#570bc7dede46d61cdcde687d65d3eecbaa3aaff5"
    integrity sha1-VwvH3t5G1hzc3mh9ZdPuy6o6r/U=
  
  lodash._isiterateecall@^3.0.0:
    version "3.0.9"
    resolved "https://registry.yarnpkg.com/lodash._isiterateecall/-/lodash._isiterateecall-3.0.9.tgz#5203ad7ba425fae842460e696db9cf3e6aac057c"
    integrity sha1-UgOte6Ql+uhCRg5pbbnPPmqsBXw=
  
  lodash._reescape@^3.0.0:
    version "3.0.0"
    resolved "https://registry.yarnpkg.com/lodash._reescape/-/lodash._reescape-3.0.0.tgz#2b1d6f5dfe07c8a355753e5f27fac7f1cde1616a"
    integrity sha1-Kx1vXf4HyKNVdT5fJ/rH8c3hYWo=
  
  lodash._reevaluate@^3.0.0:
    version "3.0.0"
    resolved "https://registry.yarnpkg.com/lodash._reevaluate/-/lodash._reevaluate-3.0.0.tgz#58bc74c40664953ae0b124d806996daca431e2ed"
    integrity sha1-WLx0xAZklTrgsSTYBpltrKQx4u0=
  
  lodash._reinterpolate@^3.0.0:
    version "3.0.0"
    resolved "https://registry.yarnpkg.com/lodash._reinterpolate/-/lodash._reinterpolate-3.0.0.tgz#0ccf2d89166af03b3663c796538b75ac6e114d9d"
    integrity sha1-DM8tiRZq8Ds2Y8eWU4t1rG4RTZ0=
  
  lodash._root@^3.0.0:
    version "3.0.1"
    resolved "https://registry.yarnpkg.com/lodash._root/-/lodash._root-3.0.1.tgz#fba1c4524c19ee9a5f8136b4609f017cf4ded692"
    integrity sha1-+6HEUkwZ7ppfgTa0YJ8BfPTe1pI=
  
  lodash.escape@^3.0.0:
    version "3.2.0"
    resolved "https://registry.yarnpkg.com/lodash.escape/-/lodash.escape-3.2.0.tgz#995ee0dc18c1b48cc92effae71a10aab5b487698"
    integrity sha1-mV7g3BjBtIzJLv+ucaEKq1tIdpg=
    dependencies:
      lodash._root "^3.0.0"
  
  lodash.isarguments@^3.0.0:
    version "3.1.0"
    resolved "https://registry.yarnpkg.com/lodash.isarguments/-/lodash.isarguments-3.1.0.tgz#2f573d85c6a24289ff00663b491c1d338ff3458a"
    integrity sha1-L1c9hcaiQon/AGY7SRwdM4/zRYo=
  
  lodash.isarray@^3.0.0:
    version "3.0.4"
    resolved "https://registry.yarnpkg.com/lodash.isarray/-/lodash.isarray-3.0.4.tgz#79e4eb88c36a8122af86f844aa9bcd851b5fbb55"
    integrity sha1-eeTriMNqgSKvhvhEqpvNhRtfu1U=
  
  lodash.keys@^3.0.0:
    version "3.1.2"
    resolved "https://registry.yarnpkg.com/lodash.keys/-/lodash.keys-3.1.2.tgz#4dbc0472b156be50a0b286855d1bd0b0c656098a"
    integrity sha1-TbwEcrFWvlCgsoaFXRvQsMZWCYo=
    dependencies:
      lodash._getnative "^3.0.0"
      lodash.isarguments "^3.0.0"
      lodash.isarray "^3.0.0"
  
  lodash.restparam@^3.0.0:
    version "3.6.1"
    resolved "https://registry.yarnpkg.com/lodash.restparam/-/lodash.restparam-3.6.1.tgz#936a4e309ef330a7645ed4145986c85ae5b20805"
    integrity sha1-k2pOMJ7zMKdkXtQUWYbIWuWyCAU=
  
  lodash.template@^3.0.0:
    version "3.6.2"
    resolved "https://registry.yarnpkg.com/lodash.template/-/lodash.template-3.6.2.tgz#f8cdecc6169a255be9098ae8b0c53d378931d14f"
    integrity sha1-+M3sxhaaJVvpCYrosMU9N4kx0U8=
    dependencies:
      lodash._basecopy "^3.0.0"
      lodash._basetostring "^3.0.0"
      lodash._basevalues "^3.0.0"
      lodash._isiterateecall "^3.0.0"
      lodash._reinterpolate "^3.0.0"
      lodash.escape "^3.0.0"
      lodash.keys "^3.0.0"
      lodash.restparam "^3.0.0"
      lodash.templatesettings "^3.0.0"
  
  lodash.templatesettings@^3.0.0:
    version "3.1.1"
    resolved "https://registry.yarnpkg.com/lodash.templatesettings/-/lodash.templatesettings-3.1.1.tgz#fb307844753b66b9f1afa54e262c745307dba8e5"
    integrity sha1-+zB4RHU7Zrnxr6VOJix0UwfbqOU=
    dependencies:
      lodash._reinterpolate "^3.0.0"
      lodash.escape "^3.0.0"
  
  lodash@^4.0.0, lodash@^4.17.11, lodash@^4.17.15, lodash@~4.17.10:
    version "4.17.20"
    resolved "https://registry.yarnpkg.com/lodash/-/lodash-4.17.20.tgz#b44a9b6297bcb698f1c51a3545a2b3b368d59c52"
    integrity sha512-PlhdFcillOINfeV7Ni6oF1TAEayyZBoZ8bcshTHqOYJYlrqzRK5hagpagky5o4HfCzzd1TRkXPMFq6cKk9rGmA==
  
  loud-rejection@^1.0.0:
    version "1.6.0"
    resolved "https://registry.yarnpkg.com/loud-rejection/-/loud-rejection-1.6.0.tgz#5b46f80147edee578870f086d04821cf998e551f"
    integrity sha1-W0b4AUft7leIcPCG0Eghz5mOVR8=
    dependencies:
      currently-unhandled "^0.4.1"
      signal-exit "^3.0.0"
  
  lru-cache@^4.0.1:
    version "4.1.5"
    resolved "https://registry.yarnpkg.com/lru-cache/-/lru-cache-4.1.5.tgz#8bbe50ea85bed59bc9e33dcab8235ee9bcf443cd"
    integrity sha512-sWZlbEP2OsHNkXrMl5GYk/jKk70MBng6UU4YI/qGDYbgf6YbP4EvmqISbXCoJiRKs+1bSpFHVgQxvJ17F2li5g==
    dependencies:
      pseudomap "^1.0.2"
      yallist "^2.1.2"
  
  make-error-cause@^1.1.1:
    version "1.2.2"
    resolved "https://registry.yarnpkg.com/make-error-cause/-/make-error-cause-1.2.2.tgz#df0388fcd0b37816dff0a5fb8108939777dcbc9d"
    integrity sha1-3wOI/NCzeBbf8KX7gQiTl3fcvJ0=
    dependencies:
      make-error "^1.2.0"
  
  make-error@^1.2.0:
    version "1.3.6"
    resolved "https://registry.yarnpkg.com/make-error/-/make-error-1.3.6.tgz#2eb2e37ea9b67c4891f684a1394799af484cf7a2"
    integrity sha512-s8UhlNe7vPKomQhC1qFelMokr/Sc3AgNbso3n74mVPA5LTZwkB9NlXf4XPamLxJE8h0gh73rM94xvwRT2CVInw==
  
  map-obj@^1.0.0, map-obj@^1.0.1:
    version "1.0.1"
    resolved "https://registry.yarnpkg.com/map-obj/-/map-obj-1.0.1.tgz#d933ceb9205d82bdcf4886f6742bdc2b4dea146d"
    integrity sha1-2TPOuSBdgr3PSIb2dCvcK03qFG0=
  
  meow@^3.7.0:
    version "3.7.0"
    resolved "https://registry.yarnpkg.com/meow/-/meow-3.7.0.tgz#72cb668b425228290abbfa856892587308a801fb"
    integrity sha1-cstmi0JSKCkKu/qFaJJYcwioAfs=
    dependencies:
      camelcase-keys "^2.0.0"
      decamelize "^1.1.2"
      loud-rejection "^1.0.0"
      map-obj "^1.0.1"
      minimist "^1.1.3"
      normalize-package-data "^2.3.4"
      object-assign "^4.0.1"
      read-pkg-up "^1.0.1"
      redent "^1.0.0"
      trim-newlines "^1.0.0"
  
  merge2@^1.2.3, merge2@^1.3.0:
    version "1.4.1"
    resolved "https://registry.yarnpkg.com/merge2/-/merge2-1.4.1.tgz#4368892f885e907455a6fd7dc55c0c9d404990ae"
    integrity sha512-8q7VEgMJW4J8tcfVPy8g09NcQwZdbwFEqhe/WZkoIzjn/3TGDwtOCYtXGxA3O8tPzpczCCDgv+P2P5y00ZJOOg==
  
  micromatch@^4.0.2:
    version "4.0.2"
    resolved "https://registry.yarnpkg.com/micromatch/-/micromatch-4.0.2.tgz#4fcb0999bf9fbc2fcbdd212f6d629b9a56c39259"
    integrity sha512-y7FpHSbMUMoyPbYUSzO6PaZ6FyRnQOpHuKwbo1G+Knck95XVU4QAiKdGEnj5wwoS7PlOgthX/09u5iFJ+aYf5Q==
    dependencies:
      braces "^3.0.1"
      picomatch "^2.0.5"
  
  mime-db@1.44.0:
    version "1.44.0"
    resolved "https://registry.yarnpkg.com/mime-db/-/mime-db-1.44.0.tgz#fa11c5eb0aca1334b4233cb4d52f10c5a6272f92"
    integrity sha512-/NOTfLrsPBVeH7YtFPgsVWveuL+4SjjYxaQ1xtM1KMFj7HdxlBlxeyNLzhyJVx7r4rZGJAZ/6lkKCitSc/Nmpg==
  
  mime-types@^2.1.12, mime-types@~2.1.19:
    version "2.1.27"
    resolved "https://registry.yarnpkg.com/mime-types/-/mime-types-2.1.27.tgz#47949f98e279ea53119f5722e0f34e529bec009f"
    integrity sha512-JIhqnCasI9yD+SsmkquHBxTSEuZdQX5BuQnS2Vc7puQQQ+8yiP5AY5uWhpdv4YL4VM5c6iliiYWPgJ/nJQLp7w==
    dependencies:
      mime-db "1.44.0"
  
  minimatch@^3.0.4, minimatch@~3.0.2:
    version "3.0.4"
    resolved "https://registry.yarnpkg.com/minimatch/-/minimatch-3.0.4.tgz#5166e286457f03306064be5497e8dbb0c3d32083"
    integrity sha512-yJHVQEhyqPLUTgt9B83PXu6W3rx4MvvHvSUvToogpwoGDOUQ+yDrR0HRot+yOCdCO7u4hX3pWft6kWBBcqh0UA==
    dependencies:
      brace-expansion "^1.1.7"
  
  minimist@^1.1.0, minimist@^1.1.3, minimist@^1.2.5:
    version "1.2.5"
    resolved "https://registry.yarnpkg.com/minimist/-/minimist-1.2.5.tgz#67d66014b66a6a8aaa0c083c5fd58df4e4e97602"
    integrity sha512-FM9nNUYrRBAELZQT3xeZQ7fmMOBg6nWNmJKTcgsJeaLstP/UODVpGsr5OhXhhXg6f+qtJ8uiZ+PUxkDWcgIXLw==
  
  "mkdirp@>=0.5 0", mkdirp@^0.5.0, mkdirp@^0.5.1:
    version "0.5.5"
    resolved "https://registry.yarnpkg.com/mkdirp/-/mkdirp-0.5.5.tgz#d91cefd62d1436ca0f41620e251288d420099def"
    integrity sha512-NKmAlESf6jMGym1++R0Ra7wvhV+wFW63FaSOFPwRahvea0gMUcGUhVeAg/0BC0wiv9ih5NYPB1Wn1UEI1/L+xQ==
    dependencies:
      minimist "^1.2.5"
  
  multipipe@^0.1.2:
    version "0.1.2"
    resolved "https://registry.yarnpkg.com/multipipe/-/multipipe-0.1.2.tgz#2a8f2ddf70eed564dff2d57f1e1a137d9f05078b"
    integrity sha1-Ko8t33Du1WTf8tV/HhoTfZ8FB4s=
    dependencies:
      duplexer2 "0.0.2"
  
  nan@^2.13.2:
    version "2.14.1"
    resolved "https://registry.yarnpkg.com/nan/-/nan-2.14.1.tgz#d7be34dfa3105b91494c3147089315eff8874b01"
    integrity sha512-isWHgVjnFjh2x2yuJ/tj3JbwoHu3UC2dX5G/88Cm24yB6YopVgxvBObDY7n5xW6ExmFhJpSEQqFPvq9zaXc8Jw==
  
  node-gyp@^3.8.0:
    version "3.8.0"
    resolved "https://registry.yarnpkg.com/node-gyp/-/node-gyp-3.8.0.tgz#540304261c330e80d0d5edce253a68cb3964218c"
    integrity sha512-3g8lYefrRRzvGeSowdJKAKyks8oUpLEd/DyPV4eMhVlhJ0aNaZqIrNUIPuEWWTAoPqyFkfGrM67MC69baqn6vA==
    dependencies:
      fstream "^1.0.0"
      glob "^7.0.3"
      graceful-fs "^4.1.2"
      mkdirp "^0.5.0"
      nopt "2 || 3"
      npmlog "0 || 1 || 2 || 3 || 4"
      osenv "0"
      request "^2.87.0"
      rimraf "2"
      semver "~5.3.0"
      tar "^2.0.0"
      which "1"
  
  node-releases@^1.1.60:
    version "1.1.60"
    resolved "https://registry.yarnpkg.com/node-releases/-/node-releases-1.1.60.tgz#6948bdfce8286f0b5d0e5a88e8384e954dfe7084"
    integrity sha512-gsO4vjEdQaTusZAEebUWp2a5d7dF5DYoIpDG7WySnk7BuZDW+GPpHXoXXuYawRBr/9t5q54tirPz79kFIWg4dA==
  
  node-sass@^4.8.3:
    version "4.14.1"
    resolved "https://registry.yarnpkg.com/node-sass/-/node-sass-4.14.1.tgz#99c87ec2efb7047ed638fb4c9db7f3a42e2217b5"
    integrity sha512-sjCuOlvGyCJS40R8BscF5vhVlQjNN069NtQ1gSxyK1u9iqvn6tf7O1R4GNowVZfiZUCRt5MmMs1xd+4V/7Yr0g==
    dependencies:
      async-foreach "^0.1.3"
      chalk "^1.1.1"
      cross-spawn "^3.0.0"
      gaze "^1.0.0"
      get-stdin "^4.0.1"
      glob "^7.0.3"
      in-publish "^2.0.0"
      lodash "^4.17.15"
      meow "^3.7.0"
      mkdirp "^0.5.1"
      nan "^2.13.2"
      node-gyp "^3.8.0"
      npmlog "^4.0.0"
      request "^2.88.0"
      sass-graph "2.2.5"
      stdout-stream "^1.4.0"
      "true-case-path" "^1.0.2"
  
  "nopt@2 || 3":
    version "3.0.6"
    resolved "https://registry.yarnpkg.com/nopt/-/nopt-3.0.6.tgz#c6465dbf08abcd4db359317f79ac68a646b28ff9"
    integrity sha1-xkZdvwirzU2zWTF/eaxopkayj/k=
    dependencies:
      abbrev "1"
  
  normalize-package-data@^2.3.2, normalize-package-data@^2.3.4:
    version "2.5.0"
    resolved "https://registry.yarnpkg.com/normalize-package-data/-/normalize-package-data-2.5.0.tgz#e66db1838b200c1dfc233225d12cb36520e234a8"
    integrity sha512-/5CMN3T0R4XTj4DcGaexo+roZSdSFW/0AOOTROrjxzCG1wrWXEsGbRKevjlIL+ZDE4sZlJr5ED4YW0yqmkK+eA==
    dependencies:
      hosted-git-info "^2.1.4"
      resolve "^1.10.0"
      semver "2 || 3 || 4 || 5"
      validate-npm-package-license "^3.0.1"
  
  normalize-range@^0.1.2:
    version "0.1.2"
    resolved "https://registry.yarnpkg.com/normalize-range/-/normalize-range-0.1.2.tgz#2d10c06bdfd312ea9777695a4d28439456b75942"
    integrity sha1-LRDAa9/TEuqXd2laTShDlFa3WUI=
  
  "npmlog@0 || 1 || 2 || 3 || 4", npmlog@^4.0.0:
    version "4.1.2"
    resolved "https://registry.yarnpkg.com/npmlog/-/npmlog-4.1.2.tgz#08a7f2a8bf734604779a9efa4ad5cc717abb954b"
    integrity sha512-2uUqazuKlTaSI/dC8AzicUck7+IrEaOnN/e0jd3Xtt1KcGpwx30v50mL7oPyr/h9bL3E4aZccVwpwP+5W9Vjkg==
    dependencies:
      are-we-there-yet "~1.1.2"
      console-control-strings "~1.1.0"
      gauge "~2.7.3"
      set-blocking "~2.0.0"
  
  num2fraction@^1.2.2:
    version "1.2.2"
    resolved "https://registry.yarnpkg.com/num2fraction/-/num2fraction-1.2.2.tgz#6f682b6a027a4e9ddfa4564cd2589d1d4e669ede"
    integrity sha1-b2gragJ6Tp3fpFZM0lidHU5mnt4=
  
  number-is-nan@^1.0.0:
    version "1.0.1"
    resolved "https://registry.yarnpkg.com/number-is-nan/-/number-is-nan-1.0.1.tgz#097b602b53422a522c1afb8790318336941a011d"
    integrity sha1-CXtgK1NCKlIsGvuHkDGDNpQaAR0=
  
  oauth-sign@~0.9.0:
    version "0.9.0"
    resolved "https://registry.yarnpkg.com/oauth-sign/-/oauth-sign-0.9.0.tgz#47a7b016baa68b5fa0ecf3dee08a85c679ac6455"
    integrity sha512-fexhUFFPTGV8ybAtSIGbV6gOkSv8UtRbDBnAyLQw4QPKkgNlsH2ByPGtMUqdWkos6YCRmAqViwgZrJc/mRDzZQ==
  
  object-assign@^3.0.0:
    version "3.0.0"
    resolved "https://registry.yarnpkg.com/object-assign/-/object-assign-3.0.0.tgz#9bedd5ca0897949bca47e7ff408062d549f587f2"
    integrity sha1-m+3VygiXlJvKR+f/QIBi1Un1h/I=
  
  object-assign@^4.0.1, object-assign@^4.1.0:
    version "4.1.1"
    resolved "https://registry.yarnpkg.com/object-assign/-/object-assign-4.1.1.tgz#2109adc7965887cfc05cbbd442cac8bfbb360863"
    integrity sha1-IQmtx5ZYh8/AXLvUQsrIv7s2CGM=
  
  once@^1.3.0:
    version "1.4.0"
    resolved "https://registry.yarnpkg.com/once/-/once-1.4.0.tgz#583b1aa775961d4b113ac17d9c50baef9dd76bd1"
    integrity sha1-WDsap3WWHUsROsF9nFC6753Xa9E=
    dependencies:
      wrappy "1"
  
  os-homedir@^1.0.0:
    version "1.0.2"
    resolved "https://registry.yarnpkg.com/os-homedir/-/os-homedir-1.0.2.tgz#ffbc4988336e0e833de0c168c7ef152121aa7fb3"
    integrity sha1-/7xJiDNuDoM94MFox+8VISGqf7M=
  
  os-tmpdir@^1.0.0:
    version "1.0.2"
    resolved "https://registry.yarnpkg.com/os-tmpdir/-/os-tmpdir-1.0.2.tgz#bbe67406c79aa85c5cfec766fe5734555dfa1274"
    integrity sha1-u+Z0BseaqFxc/sdm/lc0VV36EnQ=
  
  osenv@0:
    version "0.1.5"
    resolved "https://registry.yarnpkg.com/osenv/-/osenv-0.1.5.tgz#85cdfafaeb28e8677f416e287592b5f3f49ea410"
    integrity sha512-0CWcCECdMVc2Rw3U5w9ZjqX6ga6ubk1xDVKxtBQPK7wis/0F2r9T6k4ydGYhecl7YUBxBVxhL5oisPsNxAPe2g==
    dependencies:
      os-homedir "^1.0.0"
      os-tmpdir "^1.0.0"
  
  p-limit@^2.0.0:
    version "2.3.0"
    resolved "https://registry.yarnpkg.com/p-limit/-/p-limit-2.3.0.tgz#3dd33c647a214fdfffd835933eb086da0dc21db1"
    integrity sha512-//88mFWSJx8lxCzwdAABTJL2MyWB12+eIY7MDL2SqLmAkeKU9qxRvWuSyTjm3FUmpBEMuFfckAIqEaVGUDxb6w==
    dependencies:
      p-try "^2.0.0"
  
  p-locate@^3.0.0:
    version "3.0.0"
    resolved "https://registry.yarnpkg.com/p-locate/-/p-locate-3.0.0.tgz#322d69a05c0264b25997d9f40cd8a891ab0064a4"
    integrity sha512-x+12w/To+4GFfgJhBEpiDcLozRJGegY+Ei7/z0tSLkMmxGZNybVMSfWj9aJn8Z5Fc7dBUNJOOVgPv2H7IwulSQ==
    dependencies:
      p-limit "^2.0.0"
  
  p-map@^3.0.0:
    version "3.0.0"
    resolved "https://registry.yarnpkg.com/p-map/-/p-map-3.0.0.tgz#d704d9af8a2ba684e2600d9a215983d4141a979d"
    integrity sha512-d3qXVTF/s+W+CdJ5A29wywV2n8CQQYahlgz2bFiA+4eVNJbHJodPZ+/gXwPGh0bOqA+j8S+6+ckmvLGPk1QpxQ==
    dependencies:
      aggregate-error "^3.0.0"
  
  p-try@^2.0.0:
    version "2.2.0"
    resolved "https://registry.yarnpkg.com/p-try/-/p-try-2.2.0.tgz#cb2868540e313d61de58fafbe35ce9004d5540e6"
    integrity sha512-R4nPAVTAU0B9D35/Gk3uJf/7XYbQcyohSKdvAxIRSNghFl4e71hVoGnBNQz9cWaXxO2I10KTC+3jMdvvoKw6dQ==
  
  parse-json@^2.2.0:
    version "2.2.0"
    resolved "https://registry.yarnpkg.com/parse-json/-/parse-json-2.2.0.tgz#f480f40434ef80741f8469099f8dea18f55a4dc9"
    integrity sha1-9ID0BDTvgHQfhGkJn43qGPVaTck=
    dependencies:
      error-ex "^1.2.0"
  
  parse-node-version@^1.0.0:
    version "1.0.1"
    resolved "https://registry.yarnpkg.com/parse-node-version/-/parse-node-version-1.0.1.tgz#e2b5dbede00e7fa9bc363607f53327e8b073189b"
    integrity sha512-3YHlOa/JgH6Mnpr05jP9eDG254US9ek25LyIxZlDItp2iJtwyaXQb57lBYLdT3MowkUFYEV2XXNAYIPlESvJlA==
  
  parse-passwd@^1.0.0:
    version "1.0.0"
    resolved "https://registry.yarnpkg.com/parse-passwd/-/parse-passwd-1.0.0.tgz#6d5b934a456993b23d37f40a382d6f1666a8e5c6"
    integrity sha1-bVuTSkVpk7I9N/QKOC1vFmao5cY=
  
  path-exists@^2.0.0:
    version "2.1.0"
    resolved "https://registry.yarnpkg.com/path-exists/-/path-exists-2.1.0.tgz#0feb6c64f0fc518d9a754dd5efb62c7022761f4b"
    integrity sha1-D+tsZPD8UY2adU3V77YscCJ2H0s=
    dependencies:
      pinkie-promise "^2.0.0"
  
  path-exists@^3.0.0:
    version "3.0.0"
    resolved "https://registry.yarnpkg.com/path-exists/-/path-exists-3.0.0.tgz#ce0ebeaa5f78cb18925ea7d810d7b59b010fd515"
    integrity sha1-zg6+ql94yxiSXqfYENe1mwEP1RU=
  
  path-is-absolute@^1.0.0:
    version "1.0.1"
    resolved "https://registry.yarnpkg.com/path-is-absolute/-/path-is-absolute-1.0.1.tgz#174b9268735534ffbc7ace6bf53a5a9e1b5c5f5f"
    integrity sha1-F0uSaHNVNP+8es5r9TpanhtcX18=
  
  path-parse@^1.0.6:
    version "1.0.6"
    resolved "https://registry.yarnpkg.com/path-parse/-/path-parse-1.0.6.tgz#d62dbb5679405d72c4737ec58600e9ddcf06d24c"
    integrity sha512-GSmOT2EbHrINBf9SR7CDELwlJ8AENk3Qn7OikK4nFYAu3Ote2+JYNVvkpAEQm3/TLNEJFD/xZJjzyxg3KBWOzw==
  
  path-type@^1.0.0:
    version "1.1.0"
    resolved "https://registry.yarnpkg.com/path-type/-/path-type-1.1.0.tgz#59c44f7ee491da704da415da5a4070ba4f8fe441"
    integrity sha1-WcRPfuSR2nBNpBXaWkBwuk+P5EE=
    dependencies:
      graceful-fs "^4.1.2"
      pify "^2.0.0"
      pinkie-promise "^2.0.0"
  
  path-type@^4.0.0:
    version "4.0.0"
    resolved "https://registry.yarnpkg.com/path-type/-/path-type-4.0.0.tgz#84ed01c0a7ba380afe09d90a8c180dcd9d03043b"
    integrity sha512-gDKb8aZMDeD/tZWs9P6+q0J9Mwkdl6xMV8TjnGP3qJVJ06bdMgkbBlLU8IdfOsIsFz2BW1rNVT3XuNEl8zPAvw==
  
  performance-now@^2.1.0:
    version "2.1.0"
    resolved "https://registry.yarnpkg.com/performance-now/-/performance-now-2.1.0.tgz#6309f4e0e5fa913ec1c69307ae364b4b377c9e7b"
    integrity sha1-Ywn04OX6kT7BxpMHrjZLSzd8nns=
  
  picomatch@^2.0.5, picomatch@^2.2.1:
    version "2.2.2"
    resolved "https://registry.yarnpkg.com/picomatch/-/picomatch-2.2.2.tgz#21f333e9b6b8eaff02468f5146ea406d345f4dad"
    integrity sha512-q0M/9eZHzmr0AulXyPwNfZjtwZ/RBZlbN3K3CErVrk50T2ASYI7Bye0EvekFY3IP1Nt2DHu0re+V2ZHIpMkuWg==
  
  pify@^2.0.0:
    version "2.3.0"
    resolved "https://registry.yarnpkg.com/pify/-/pify-2.3.0.tgz#ed141a6ac043a849ea588498e7dca8b15330e90c"
    integrity sha1-7RQaasBDqEnqWISY59yosVMw6Qw=
  
  pinkie-promise@^2.0.0:
    version "2.0.1"
    resolved "https://registry.yarnpkg.com/pinkie-promise/-/pinkie-promise-2.0.1.tgz#2135d6dfa7a358c069ac9b178776288228450ffa"
    integrity sha1-ITXW36ejWMBprJsXh3YogihFD/o=
    dependencies:
      pinkie "^2.0.0"
  
  pinkie@^2.0.0:
    version "2.0.4"
    resolved "https://registry.yarnpkg.com/pinkie/-/pinkie-2.0.4.tgz#72556b80cfa0d48a974e80e77248e80ed4f7f870"
    integrity sha1-clVrgM+g1IqXToDnckjoDtT3+HA=
  
  plugin-error@^1.0.1:
    version "1.0.1"
    resolved "https://registry.yarnpkg.com/plugin-error/-/plugin-error-1.0.1.tgz#77016bd8919d0ac377fdcdd0322328953ca5781c"
    integrity sha512-L1zP0dk7vGweZME2i+EeakvUNqSrdiI3F91TwEoYiGrAfUXmVv6fJIq4g82PAXxNsWOp0J7ZqQy/3Szz0ajTxA==
    dependencies:
      ansi-colors "^1.0.1"
      arr-diff "^4.0.0"
      arr-union "^3.1.0"
      extend-shallow "^3.0.2"
  
  postcss-value-parser@^4.1.0:
    version "4.1.0"
    resolved "https://registry.yarnpkg.com/postcss-value-parser/-/postcss-value-parser-4.1.0.tgz#443f6a20ced6481a2bda4fa8532a6e55d789a2cb"
    integrity sha512-97DXOFbQJhk71ne5/Mt6cOu6yxsSfM0QGQyl0L25Gca4yGWEGJaig7l7gbCX623VqTBNGLRLaVUCnNkcedlRSQ==
  
  postcss@^7.0.17, postcss@^7.0.32:
    version "7.0.32"
    resolved "https://registry.yarnpkg.com/postcss/-/postcss-7.0.32.tgz#4310d6ee347053da3433db2be492883d62cec59d"
    integrity sha512-03eXong5NLnNCD05xscnGKGDZ98CyzoqPSMjOe6SuoQY7Z2hIj0Ld1g/O/UQRuOle2aRtiIRDg9tDcTGAkLfKw==
    dependencies:
      chalk "^2.4.2"
      source-map "^0.6.1"
      supports-color "^6.1.0"
  
  process-nextick-args@~2.0.0:
    version "2.0.1"
    resolved "https://registry.yarnpkg.com/process-nextick-args/-/process-nextick-args-2.0.1.tgz#7820d9b16120cc55ca9ae7792680ae7dba6d7fe2"
    integrity sha512-3ouUOpQhtgrbOa17J7+uxOTpITYWaGP7/AhoR3+A+/1e9skrzelGi/dXzEYyvbxubEF6Wn2ypscTKiKJFFn1ag==
  
  pseudomap@^1.0.2:
    version "1.0.2"
    resolved "https://registry.yarnpkg.com/pseudomap/-/pseudomap-1.0.2.tgz#f052a28da70e618917ef0a8ac34c1ae5a68286b3"
    integrity sha1-8FKijacOYYkX7wqKw0wa5aaChrM=
  
  psl@^1.1.28:
    version "1.8.0"
    resolved "https://registry.yarnpkg.com/psl/-/psl-1.8.0.tgz#9326f8bcfb013adcc005fdff056acce020e51c24"
    integrity sha512-RIdOzyoavK+hA18OGGWDqUTsCLhtA7IcZ/6NCs4fFJaHBDab+pDDmDIByWFRQJq2Cd7r1OoQxBGKOaztq+hjIQ==
  
  punycode@^2.1.0, punycode@^2.1.1:
    version "2.1.1"
    resolved "https://registry.yarnpkg.com/punycode/-/punycode-2.1.1.tgz#b58b010ac40c22c5657616c8d2c2c02c7bf479ec"
    integrity sha512-XRsRjdf+j5ml+y/6GKHPZbrF/8p2Yga0JPtdqTIY2Xe5ohJPD9saDJJLPvp9+NSBprVvevdXZybnj2cv8OEd0A==
  
  qs@~6.5.2:
    version "6.5.2"
    resolved "https://registry.yarnpkg.com/qs/-/qs-6.5.2.tgz#cb3ae806e8740444584ef154ce8ee98d403f3e36"
    integrity sha512-N5ZAX4/LxJmF+7wN74pUD6qAh9/wnvdQcjq9TZjevvXzSUo7bfmw91saqMjzGS2xq91/odN2dW/WOl7qQHNDGA==
  
  read-pkg-up@^1.0.1:
    version "1.0.1"
    resolved "https://registry.yarnpkg.com/read-pkg-up/-/read-pkg-up-1.0.1.tgz#9d63c13276c065918d57f002a57f40a1b643fb02"
    integrity sha1-nWPBMnbAZZGNV/ACpX9AobZD+wI=
    dependencies:
      find-up "^1.0.0"
      read-pkg "^1.0.0"
  
  read-pkg@^1.0.0:
    version "1.1.0"
    resolved "https://registry.yarnpkg.com/read-pkg/-/read-pkg-1.1.0.tgz#f5ffaa5ecd29cb31c0474bca7d756b6bb29e3f28"
    integrity sha1-9f+qXs0pyzHAR0vKfXVra7KePyg=
    dependencies:
      load-json-file "^1.0.0"
      normalize-package-data "^2.3.2"
      path-type "^1.0.0"
  
  "readable-stream@2 || 3":
    version "3.6.0"
    resolved "https://registry.yarnpkg.com/readable-stream/-/readable-stream-3.6.0.tgz#337bbda3adc0706bd3e024426a286d4b4b2c9198"
    integrity sha512-BViHy7LKeTz4oNnkcLJ+lVSL6vpiFeX6/d3oSH8zCW7UxP2onchk+vTGB143xuFjHS3deTgkKoXXymXqymiIdA==
    dependencies:
      inherits "^2.0.3"
      string_decoder "^1.1.1"
      util-deprecate "^1.0.1"
  
  readable-stream@^1.0.33, readable-stream@~1.1.9:
    version "1.1.14"
    resolved "https://registry.yarnpkg.com/readable-stream/-/readable-stream-1.1.14.tgz#7cf4c54ef648e3813084c636dd2079e166c081d9"
    integrity sha1-fPTFTvZI44EwhMY23SB54WbAgdk=
    dependencies:
      core-util-is "~1.0.0"
      inherits "~2.0.1"
      isarray "0.0.1"
      string_decoder "~0.10.x"
  
  readable-stream@^2.0.0, readable-stream@^2.0.1, readable-stream@^2.0.6, readable-stream@~2.3.6:
    version "2.3.7"
    resolved "https://registry.yarnpkg.com/readable-stream/-/readable-stream-2.3.7.tgz#1eca1cf711aef814c04f62252a36a62f6cb23b57"
    integrity sha512-Ebho8K4jIbHAxnuxi7o42OrZgF/ZTNcsZj6nRKyUmkhLFq8CHItp/fy6hQZuZmP/n3yZ9VBUbp4zz/mX8hmYPw==
    dependencies:
      core-util-is "~1.0.0"
      inherits "~2.0.3"
      isarray "~1.0.0"
      process-nextick-args "~2.0.0"
      safe-buffer "~5.1.1"
      string_decoder "~1.1.1"
      util-deprecate "~1.0.1"
  
  redent@^1.0.0:
    version "1.0.0"
    resolved "https://registry.yarnpkg.com/redent/-/redent-1.0.0.tgz#cf916ab1fd5f1f16dfb20822dd6ec7f730c2afde"
    integrity sha1-z5Fqsf1fHxbfsggi3W7H9zDCr94=
    dependencies:
      indent-string "^2.1.0"
      strip-indent "^1.0.1"
  
  repeating@^2.0.0:
    version "2.0.1"
    resolved "https://registry.yarnpkg.com/repeating/-/repeating-2.0.1.tgz#5214c53a926d3552707527fbab415dbc08d06dda"
    integrity sha1-UhTFOpJtNVJwdSf7q0FdvAjQbdo=
    dependencies:
      is-finite "^1.0.0"
  
  replace-ext@0.0.1:
    version "0.0.1"
    resolved "https://registry.yarnpkg.com/replace-ext/-/replace-ext-0.0.1.tgz#29bbd92078a739f0bcce2b4ee41e837953522924"
    integrity sha1-KbvZIHinOfC8zitO5B6DeVNSKSQ=
  
  replace-ext@^1.0.0:
    version "1.0.1"
    resolved "https://registry.yarnpkg.com/replace-ext/-/replace-ext-1.0.1.tgz#2d6d996d04a15855d967443631dd5f77825b016a"
    integrity sha512-yD5BHCe7quCgBph4rMQ+0KkIRKwWCrHDOX1p1Gp6HwjPM5kVoCdKGNhN7ydqqsX6lJEnQDKZ/tFMiEdQ1dvPEw==
  
  request@^2.87.0, request@^2.88.0:
    version "2.88.2"
    resolved "https://registry.yarnpkg.com/request/-/request-2.88.2.tgz#d73c918731cb5a87da047e207234146f664d12b3"
    integrity sha512-MsvtOrfG9ZcrOwAW+Qi+F6HbD0CWXEh9ou77uOb7FM2WPhwT7smM833PzanhJLsgXjN89Ir6V2PczXNnMpwKhw==
    dependencies:
      aws-sign2 "~0.7.0"
      aws4 "^1.8.0"
      caseless "~0.12.0"
      combined-stream "~1.0.6"
      extend "~3.0.2"
      forever-agent "~0.6.1"
      form-data "~2.3.2"
      har-validator "~5.1.3"
      http-signature "~1.2.0"
      is-typedarray "~1.0.0"
      isstream "~0.1.2"
      json-stringify-safe "~5.0.1"
      mime-types "~2.1.19"
      oauth-sign "~0.9.0"
      performance-now "^2.1.0"
      qs "~6.5.2"
      safe-buffer "^5.1.2"
      tough-cookie "~2.5.0"
      tunnel-agent "^0.6.0"
      uuid "^3.3.2"
  
  require-directory@^2.1.1:
    version "2.1.1"
    resolved "https://registry.yarnpkg.com/require-directory/-/require-directory-2.1.1.tgz#8c64ad5fd30dab1c976e2344ffe7f792a6a6df42"
    integrity sha1-jGStX9MNqxyXbiNE/+f3kqam30I=
  
  require-main-filename@^2.0.0:
    version "2.0.0"
    resolved "https://registry.yarnpkg.com/require-main-filename/-/require-main-filename-2.0.0.tgz#d0b329ecc7cc0f61649f62215be69af54aa8989b"
    integrity sha512-NKN5kMDylKuldxYLSUfrbo5Tuzh4hd+2E8NPPX02mZtn1VuREQToYe/ZdlJy+J3uCpfaiGF05e7B8W0iXbQHmg==
  
  resolve-dir@^1.0.0, resolve-dir@^1.0.1:
    version "1.0.1"
    resolved "https://registry.yarnpkg.com/resolve-dir/-/resolve-dir-1.0.1.tgz#79a40644c362be82f26effe739c9bb5382046f43"
    integrity sha1-eaQGRMNivoLybv/nOcm7U4IEb0M=
    dependencies:
      expand-tilde "^2.0.0"
      global-modules "^1.0.0"
  
  resolve@^1.10.0, resolve@^1.17.0:
    version "1.17.0"
    resolved "https://registry.yarnpkg.com/resolve/-/resolve-1.17.0.tgz#b25941b54968231cc2d1bb76a79cb7f2c0bf8444"
    integrity sha512-ic+7JYiV8Vi2yzQGFWOkiZD5Z9z7O2Zhm9XMaTxdJExKasieFCr+yXZ/WmXsckHiKl12ar0y6XiXDx3m4RHn1w==
    dependencies:
      path-parse "^1.0.6"
  
  reusify@^1.0.4:
    version "1.0.4"
    resolved "https://registry.yarnpkg.com/reusify/-/reusify-1.0.4.tgz#90da382b1e126efc02146e90845a88db12925d76"
    integrity sha512-U9nH88a3fc/ekCF1l0/UP1IosiuIjyTh7hBvXVMHYgVcfGvt897Xguj2UOLDeI5BG2m7/uwyaLVT6fbtCwTyzw==
  
  rimraf@2:
    version "2.7.1"
    resolved "https://registry.yarnpkg.com/rimraf/-/rimraf-2.7.1.tgz#35797f13a7fdadc566142c29d4f07ccad483e3ec"
    integrity sha512-uWjbaKIK3T1OSVptzX7Nl6PvQ3qAGtKEtVRjRuazjfL3Bx5eI409VZSqgND+4UNnmzLVdPj9FqFJNPqBZFve4w==
    dependencies:
      glob "^7.1.3"
  
  rimraf@^3.0.0:
    version "3.0.2"
    resolved "https://registry.yarnpkg.com/rimraf/-/rimraf-3.0.2.tgz#f1a5402ba6220ad52cc1282bac1ae3aa49fd061a"
    integrity sha512-JZkJMZkAGFFPP2YqXZXPbMlMBgsxzE8ILs4lMIX/2o0L9UBw9O/Y3o6wFw/i9YLapcUJWwqbi3kdxIPdC62TIA==
    dependencies:
      glob "^7.1.3"
  
  run-parallel@^1.1.9:
    version "1.1.9"
    resolved "https://registry.yarnpkg.com/run-parallel/-/run-parallel-1.1.9.tgz#c9dd3a7cf9f4b2c4b6244e173a6ed866e61dd679"
    integrity sha512-DEqnSRTDw/Tc3FXf49zedI638Z9onwUotBMiUFKmrO2sdFKIbXamXGQ3Axd4qgphxKB4kw/qP1w5kTxnfU1B9Q==
  
  safe-buffer@^5.0.1, safe-buffer@^5.1.2, safe-buffer@~5.2.0:
    version "5.2.1"
    resolved "https://registry.yarnpkg.com/safe-buffer/-/safe-buffer-5.2.1.tgz#1eaf9fa9bdb1fdd4ec75f58f9cdb4e6b7827eec6"
    integrity sha512-rp3So07KcdmmKbGvgaNxQSJr7bGVSVk5S9Eq1F+ppbRo70+YeaDxkw5Dd8NPN+GD6bjnYm2VuPuCXmpuYvmCXQ==
  
  safe-buffer@~5.1.0, safe-buffer@~5.1.1:
    version "5.1.2"
    resolved "https://registry.yarnpkg.com/safe-buffer/-/safe-buffer-5.1.2.tgz#991ec69d296e0313747d59bdfd2b745c35f8828d"
    integrity sha512-Gd2UZBJDkXlY7GbJxfsE8/nvKkUEU1G38c1siN6QP6a9PT9MmHB8GnpscSmMJSoF8LOIrt8ud/wPtojys4G6+g==
  
  safer-buffer@^2.0.2, safer-buffer@^2.1.0, safer-buffer@~2.1.0:
    version "2.1.2"
    resolved "https://registry.yarnpkg.com/safer-buffer/-/safer-buffer-2.1.2.tgz#44fa161b0187b9549dd84bb91802f9bd8385cd6a"
    integrity sha512-YZo3K82SD7Riyi0E1EQPojLz7kpepnSQI9IyPbHHg1XXXevb5dJI7tpyN2ADxGcQbHG7vcyRHk0cbwqcQriUtg==
  
  sass-graph@2.2.5:
    version "2.2.5"
    resolved "https://registry.yarnpkg.com/sass-graph/-/sass-graph-2.2.5.tgz#a981c87446b8319d96dce0671e487879bd24c2e8"
    integrity sha512-VFWDAHOe6mRuT4mZRd4eKE+d8Uedrk6Xnh7Sh9b4NGufQLQjOrvf/MQoOdx+0s92L89FeyUUNfU597j/3uNpag==
    dependencies:
      glob "^7.0.0"
      lodash "^4.0.0"
      scss-tokenizer "^0.2.3"
      yargs "^13.3.2"
  
  scss-tokenizer@^0.2.3:
    version "0.2.3"
    resolved "https://registry.yarnpkg.com/scss-tokenizer/-/scss-tokenizer-0.2.3.tgz#8eb06db9a9723333824d3f5530641149847ce5d1"
    integrity sha1-jrBtualyMzOCTT9VMGQRSYR85dE=
    dependencies:
      js-base64 "^2.1.8"
      source-map "^0.4.2"
  
  "semver@2 || 3 || 4 || 5":
    version "5.7.1"
    resolved "https://registry.yarnpkg.com/semver/-/semver-5.7.1.tgz#a954f931aeba508d307bbf069eff0c01c96116f7"
    integrity sha512-sauaDf/PZdVgrLTNYHRtpXa1iRiKcaebiKQ1BJdpQlWH2lCvexQdX55snPFyK7QzpudqbCI0qXFfOasHdyNDGQ==
  
  semver@~5.3.0:
    version "5.3.0"
    resolved "https://registry.yarnpkg.com/semver/-/semver-5.3.0.tgz#9b2ce5d3de02d17c6012ad326aa6b4d0cf54f94f"
    integrity sha1-myzl094C0XxgEq0yaqa00M9U+U8=
  
  set-blocking@^2.0.0, set-blocking@~2.0.0:
    version "2.0.0"
    resolved "https://registry.yarnpkg.com/set-blocking/-/set-blocking-2.0.0.tgz#045f9782d011ae9a6803ddd382b24392b3d890f7"
    integrity sha1-BF+XgtARrppoA93TgrJDkrPYkPc=
  
  signal-exit@^3.0.0:
    version "3.0.3"
    resolved "https://registry.yarnpkg.com/signal-exit/-/signal-exit-3.0.3.tgz#a1410c2edd8f077b08b4e253c8eacfcaf057461c"
    integrity sha512-VUJ49FC8U1OxwZLxIbTTrDvLnf/6TDgxZcK8wxR8zs13xpx7xbG60ndBlhNrFi2EMuFRoeDoJO7wthSLq42EjA==
  
  slash@^3.0.0:
    version "3.0.0"
    resolved "https://registry.yarnpkg.com/slash/-/slash-3.0.0.tgz#6539be870c165adbd5240220dbe361f1bc4d4634"
    integrity sha512-g9Q1haeby36OSStwb4ntCGGGaKsaVSjQ68fBxoQcutl5fS1vuY18H3wSt3jFyFtrkx+Kz0V1G85A4MyAdDMi2Q==
  
  source-map@0.4.x, source-map@^0.4.2:
    version "0.4.4"
    resolved "https://registry.yarnpkg.com/source-map/-/source-map-0.4.4.tgz#eba4f5da9c0dc999de68032d8b4f76173652036b"
    integrity sha1-66T12pwNyZneaAMti092FzZSA2s=
    dependencies:
      amdefine ">=0.0.4"
  
  source-map@^0.5.1:
    version "0.5.7"
    resolved "https://registry.yarnpkg.com/source-map/-/source-map-0.5.7.tgz#8a039d2d1021d22d1ea14c80d8ea468ba2ef3fcc"
    integrity sha1-igOdLRAh0i0eoUyA2OpGi6LvP8w=
  
  source-map@^0.6.1:
    version "0.6.1"
    resolved "https://registry.yarnpkg.com/source-map/-/source-map-0.6.1.tgz#74722af32e9614e9c287a8d0bbde48b5e2f1a263"
    integrity sha512-UjgapumWlbMhkBgzT7Ykc5YXUT46F0iKu8SGXq0bcwP5dz/h0Plj6enJqjz1Zbq2l5WaqYnrVbwWOWMyF3F47g==
  
  sparkles@^1.0.0:
    version "1.0.1"
    resolved "https://registry.yarnpkg.com/sparkles/-/sparkles-1.0.1.tgz#008db65edce6c50eec0c5e228e1945061dd0437c"
    integrity sha512-dSO0DDYUahUt/0/pD/Is3VIm5TGJjludZ0HVymmhYF6eNA53PVLhnUk0znSYbH8IYBuJdCE+1luR22jNLMaQdw==
  
  spdx-correct@^3.0.0:
    version "3.1.1"
    resolved "https://registry.yarnpkg.com/spdx-correct/-/spdx-correct-3.1.1.tgz#dece81ac9c1e6713e5f7d1b6f17d468fa53d89a9"
    integrity sha512-cOYcUWwhCuHCXi49RhFRCyJEK3iPj1Ziz9DpViV3tbZOwXD49QzIN3MpOLJNxh2qwq2lJJZaKMVw9qNi4jTC0w==
    dependencies:
      spdx-expression-parse "^3.0.0"
      spdx-license-ids "^3.0.0"
  
  spdx-exceptions@^2.1.0:
    version "2.3.0"
    resolved "https://registry.yarnpkg.com/spdx-exceptions/-/spdx-exceptions-2.3.0.tgz#3f28ce1a77a00372683eade4a433183527a2163d"
    integrity sha512-/tTrYOC7PPI1nUAgx34hUpqXuyJG+DTHJTnIULG4rDygi4xu/tfgmq1e1cIRwRzwZgo4NLySi+ricLkZkw4i5A==
  
  spdx-expression-parse@^3.0.0:
    version "3.0.1"
    resolved "https://registry.yarnpkg.com/spdx-expression-parse/-/spdx-expression-parse-3.0.1.tgz#cf70f50482eefdc98e3ce0a6833e4a53ceeba679"
    integrity sha512-cbqHunsQWnJNE6KhVSMsMeH5H/L9EpymbzqTQ3uLwNCLZ1Q481oWaofqH7nO6V07xlXwY6PhQdQ2IedWx/ZK4Q==
    dependencies:
      spdx-exceptions "^2.1.0"
      spdx-license-ids "^3.0.0"
  
  spdx-license-ids@^3.0.0:
    version "3.0.5"
    resolved "https://registry.yarnpkg.com/spdx-license-ids/-/spdx-license-ids-3.0.5.tgz#3694b5804567a458d3c8045842a6358632f62654"
    integrity sha512-J+FWzZoynJEXGphVIS+XEh3kFSjZX/1i9gFBaWQcB+/tmpe2qUsSBABpcxqxnAxFdiUFEgAX1bjYGQvIZmoz9Q==
  
  sshpk@^1.7.0:
    version "1.16.1"
    resolved "https://registry.yarnpkg.com/sshpk/-/sshpk-1.16.1.tgz#fb661c0bef29b39db40769ee39fa70093d6f6877"
    integrity sha512-HXXqVUq7+pcKeLqqZj6mHFUMvXtOJt1uoUx09pFW6011inTMxqI8BA8PM95myrIyyKwdnzjdFjLiE6KBPVtJIg==
    dependencies:
      asn1 "~0.2.3"
      assert-plus "^1.0.0"
      bcrypt-pbkdf "^1.0.0"
      dashdash "^1.12.0"
      ecc-jsbn "~0.1.1"
      getpass "^0.1.1"
      jsbn "~0.1.0"
      safer-buffer "^2.0.2"
      tweetnacl "~0.14.0"
  
  stdout-stream@^1.4.0:
    version "1.4.1"
    resolved "https://registry.yarnpkg.com/stdout-stream/-/stdout-stream-1.4.1.tgz#5ac174cdd5cd726104aa0c0b2bd83815d8d535de"
    integrity sha512-j4emi03KXqJWcIeF8eIXkjMFN1Cmb8gUlDYGeBALLPo5qdyTfA9bOtl8m33lRoC+vFMkP3gl0WsDr6+gzxbbTA==
    dependencies:
      readable-stream "^2.0.1"
  
  string-width@^1.0.1:
    version "1.0.2"
    resolved "https://registry.yarnpkg.com/string-width/-/string-width-1.0.2.tgz#118bdf5b8cdc51a2a7e70d211e07e2b0b9b107d3"
    integrity sha1-EYvfW4zcUaKn5w0hHgfisLmxB9M=
    dependencies:
      code-point-at "^1.0.0"
      is-fullwidth-code-point "^1.0.0"
      strip-ansi "^3.0.0"
  
  "string-width@^1.0.2 || 2":
    version "2.1.1"
    resolved "https://registry.yarnpkg.com/string-width/-/string-width-2.1.1.tgz#ab93f27a8dc13d28cac815c462143a6d9012ae9e"
    integrity sha512-nOqH59deCq9SRHlxq1Aw85Jnt4w6KvLKqWVik6oA9ZklXLNIOlqg4F2yrT1MVaTjAqvVwdfeZ7w7aCvJD7ugkw==
    dependencies:
      is-fullwidth-code-point "^2.0.0"
      strip-ansi "^4.0.0"
  
  string-width@^3.0.0, string-width@^3.1.0:
    version "3.1.0"
    resolved "https://registry.yarnpkg.com/string-width/-/string-width-3.1.0.tgz#22767be21b62af1081574306f69ac51b62203961"
    integrity sha512-vafcv6KjVZKSgz06oM/H6GDBrAtz8vdhQakGjFIvNrHA6y3HCF1CInLy+QLq8dTJPQ1b+KDUqDFctkdRW44e1w==
    dependencies:
      emoji-regex "^7.0.1"
      is-fullwidth-code-point "^2.0.0"
      strip-ansi "^5.1.0"
  
  string_decoder@^1.1.1:
    version "1.3.0"
    resolved "https://registry.yarnpkg.com/string_decoder/-/string_decoder-1.3.0.tgz#42f114594a46cf1a8e30b0a84f56c78c3edac21e"
    integrity sha512-hkRX8U1WjJFd8LsDJ2yQ/wWWxaopEsABU1XfkM8A+j0+85JAGppt16cr1Whg6KIbb4okU6Mql6BOj+uup/wKeA==
    dependencies:
      safe-buffer "~5.2.0"
  
  string_decoder@~0.10.x:
    version "0.10.31"
    resolved "https://registry.yarnpkg.com/string_decoder/-/string_decoder-0.10.31.tgz#62e203bc41766c6c28c9fc84301dab1c5310fa94"
    integrity sha1-YuIDvEF2bGwoyfyEMB2rHFMQ+pQ=
  
  string_decoder@~1.1.1:
    version "1.1.1"
    resolved "https://registry.yarnpkg.com/string_decoder/-/string_decoder-1.1.1.tgz#9cf1611ba62685d7030ae9e4ba34149c3af03fc8"
    integrity sha512-n/ShnvDi6FHbbVfviro+WojiFzv+s8MPMHBczVePfUpDJLwoLT0ht1l4YwBCbi8pJAveEEdnkHyPyTP/mzRfwg==
    dependencies:
      safe-buffer "~5.1.0"
  
  strip-ansi@^3.0.0, strip-ansi@^3.0.1:
    version "3.0.1"
    resolved "https://registry.yarnpkg.com/strip-ansi/-/strip-ansi-3.0.1.tgz#6a385fb8853d952d5ff05d0e8aaf94278dc63dcf"
    integrity sha1-ajhfuIU9lS1f8F0Oiq+UJ43GPc8=
    dependencies:
      ansi-regex "^2.0.0"
  
  strip-ansi@^4.0.0:
    version "4.0.0"
    resolved "https://registry.yarnpkg.com/strip-ansi/-/strip-ansi-4.0.0.tgz#a8479022eb1ac368a871389b635262c505ee368f"
    integrity sha1-qEeQIusaw2iocTibY1JixQXuNo8=
    dependencies:
      ansi-regex "^3.0.0"
  
  strip-ansi@^5.0.0, strip-ansi@^5.1.0, strip-ansi@^5.2.0:
    version "5.2.0"
    resolved "https://registry.yarnpkg.com/strip-ansi/-/strip-ansi-5.2.0.tgz#8c9a536feb6afc962bdfa5b104a5091c1ad9c0ae"
    integrity sha512-DuRs1gKbBqsMKIZlrffwlug8MHkcnpjs5VPmL1PAh+mA30U0DTotfDZ0d2UUsXpPmPmMMJ6W773MaA3J+lbiWA==
    dependencies:
      ansi-regex "^4.1.0"
  
  strip-bom@^2.0.0:
    version "2.0.0"
    resolved "https://registry.yarnpkg.com/strip-bom/-/strip-bom-2.0.0.tgz#6219a85616520491f35788bdbf1447a99c7e6b0e"
    integrity sha1-YhmoVhZSBJHzV4i9vxRHqZx+aw4=
    dependencies:
      is-utf8 "^0.2.0"
  
  strip-indent@^1.0.1:
    version "1.0.1"
    resolved "https://registry.yarnpkg.com/strip-indent/-/strip-indent-1.0.1.tgz#0c7962a6adefa7bbd4ac366460a638552ae1a0a2"
    integrity sha1-DHlipq3vp7vUrDZkYKY4VSrhoKI=
    dependencies:
      get-stdin "^4.0.1"
  
  supports-color@^2.0.0:
    version "2.0.0"
    resolved "https://registry.yarnpkg.com/supports-color/-/supports-color-2.0.0.tgz#535d045ce6b6363fa40117084629995e9df324c7"
    integrity sha1-U10EXOa2Nj+kARcIRimZXp3zJMc=
  
  supports-color@^5.3.0:
    version "5.5.0"
    resolved "https://registry.yarnpkg.com/supports-color/-/supports-color-5.5.0.tgz#e2e69a44ac8772f78a1ec0b35b689df6530efc8f"
    integrity sha512-QjVjwdXIt408MIiAqCX4oUKsgU2EqAGzs2Ppkm4aQYbjm+ZEWEcW4SfFNTr4uMNZma0ey4f5lgLrkB0aX0QMow==
    dependencies:
      has-flag "^3.0.0"
  
  supports-color@^6.1.0:
    version "6.1.0"
    resolved "https://registry.yarnpkg.com/supports-color/-/supports-color-6.1.0.tgz#0764abc69c63d5ac842dd4867e8d025e880df8f3"
    integrity sha512-qe1jfm1Mg7Nq/NSh6XE24gPXROEVsWHxC1LIx//XNlD9iw7YZQGjZNjYN7xGaEG6iKdA8EtNFW6R0gjnVXp+wQ==
    dependencies:
      has-flag "^3.0.0"
  
  tar@^2.0.0:
    version "2.2.2"
    resolved "https://registry.yarnpkg.com/tar/-/tar-2.2.2.tgz#0ca8848562c7299b8b446ff6a4d60cdbb23edc40"
    integrity sha512-FCEhQ/4rE1zYv9rYXJw/msRqsnmlje5jHP6huWeBZ704jUTy02c5AZyWujpMR1ax6mVw9NyJMfuK2CMDWVIfgA==
    dependencies:
      block-stream "*"
      fstream "^1.0.12"
      inherits "2"
  
  through2@^2.0.0:
    version "2.0.5"
    resolved "https://registry.yarnpkg.com/through2/-/through2-2.0.5.tgz#01c1e39eb31d07cb7d03a96a70823260b23132cd"
    integrity sha512-/mrRod8xqpA+IHSLyGCQ2s8SPHiCDEeQJSep1jqLYeEUClOFG2Qsh+4FU6G9VeqpZnGW/Su8LQGc4YKni5rYSQ==
    dependencies:
      readable-stream "~2.3.6"
      xtend "~4.0.1"
  
  through2@^3.0.1:
    version "3.0.2"
    resolved "https://registry.yarnpkg.com/through2/-/through2-3.0.2.tgz#99f88931cfc761ec7678b41d5d7336b5b6a07bf4"
    integrity sha512-enaDQ4MUyP2W6ZyT6EsMzqBPZaM/avg8iuo+l2d3QCs0J+6RaqkHV/2/lOwDTueBHeJ/2LG9lrLW3d5rWPucuQ==
    dependencies:
      inherits "^2.0.4"
      readable-stream "2 || 3"
  
  time-stamp@^1.0.0:
    version "1.1.0"
    resolved "https://registry.yarnpkg.com/time-stamp/-/time-stamp-1.1.0.tgz#764a5a11af50561921b133f3b44e618687e0f5c3"
    integrity sha1-dkpaEa9QVhkhsTPztE5hhofg9cM=
  
  to-regex-range@^5.0.1:
    version "5.0.1"
    resolved "https://registry.yarnpkg.com/to-regex-range/-/to-regex-range-5.0.1.tgz#1648c44aae7c8d988a326018ed72f5b4dd0392e4"
    integrity sha512-65P7iz6X5yEr1cwcgvQxbbIw7Uk3gOy5dIdtZ4rDveLqhrdJP+Li/Hx6tyK0NEb+2GCyneCMJiGqrADCSNk8sQ==
    dependencies:
      is-number "^7.0.0"
  
  tough-cookie@~2.5.0:
    version "2.5.0"
    resolved "https://registry.yarnpkg.com/tough-cookie/-/tough-cookie-2.5.0.tgz#cd9fb2a0aa1d5a12b473bd9fb96fa3dcff65ade2"
    integrity sha512-nlLsUzgm1kfLXSXfRZMc1KLAugd4hqJHDTvc2hDIwS3mZAfMEuMbc03SujMF+GEcpaX/qboeycw6iO8JwVv2+g==
    dependencies:
      psl "^1.1.28"
      punycode "^2.1.1"
  
  trim-newlines@^1.0.0:
    version "1.0.0"
    resolved "https://registry.yarnpkg.com/trim-newlines/-/trim-newlines-1.0.0.tgz#5887966bb582a4503a41eb524f7d35011815a613"
    integrity sha1-WIeWa7WCpFA6QetST301ARgVphM=
  
  "true-case-path@^1.0.2":
    version "1.0.3"
    resolved "https://registry.yarnpkg.com/true-case-path/-/true-case-path-1.0.3.tgz#f813b5a8c86b40da59606722b144e3225799f47d"
    integrity sha512-m6s2OdQe5wgpFMC+pAJ+q9djG82O2jcHPOI6RNg1yy9rCYR+WD6Nbpl32fDpfC56nirdRy+opFa/Vk7HYhqaew==
    dependencies:
      glob "^7.1.2"
  
  tunnel-agent@^0.6.0:
    version "0.6.0"
    resolved "https://registry.yarnpkg.com/tunnel-agent/-/tunnel-agent-0.6.0.tgz#27a5dea06b36b04a0a9966774b290868f0fc40fd"
    integrity sha1-J6XeoGs2sEoKmWZ3SykIaPD8QP0=
    dependencies:
      safe-buffer "^5.0.1"
  
  tweetnacl@^0.14.3, tweetnacl@~0.14.0:
    version "0.14.5"
    resolved "https://registry.yarnpkg.com/tweetnacl/-/tweetnacl-0.14.5.tgz#5ae68177f192d4456269d108afa93ff8743f4f64"
    integrity sha1-WuaBd/GS1EViadEIr6k/+HQ/T2Q=
  
  uglify-js@^3.0.5:
    version "3.10.3"
    resolved "https://registry.yarnpkg.com/uglify-js/-/uglify-js-3.10.3.tgz#f0d2f99736c14de46d2d24649ba328be3e71c3bf"
    integrity sha512-Lh00i69Uf6G74mvYpHCI9KVVXLcHW/xu79YTvH7Mkc9zyKUeSPz0owW0dguj0Scavns3ZOh3wY63J0Zb97Za2g==
  
  uri-js@^4.2.2:
    version "4.4.0"
    resolved "https://registry.yarnpkg.com/uri-js/-/uri-js-4.4.0.tgz#aa714261de793e8a82347a7bcc9ce74e86f28602"
    integrity sha512-B0yRTzYdUCCn9n+F4+Gh4yIDtMQcaJsmYBDsTSG8g/OejKBodLQ2IHfN3bM7jUsRXndopT7OIXWdYqc1fjmV6g==
    dependencies:
      punycode "^2.1.0"
  
  util-deprecate@^1.0.1, util-deprecate@~1.0.1:
    version "1.0.2"
    resolved "https://registry.yarnpkg.com/util-deprecate/-/util-deprecate-1.0.2.tgz#450d4dc9fa70de732762fbd2d4a28981419a0ccf"
    integrity sha1-RQ1Nyfpw3nMnYvvS1KKJgUGaDM8=
  
  uuid@^3.3.2:
    version "3.4.0"
    resolved "https://registry.yarnpkg.com/uuid/-/uuid-3.4.0.tgz#b23e4358afa8a202fe7a100af1f5f883f02007ee"
    integrity sha512-HjSDRw6gZE5JMggctHBcjVak08+KEVhSIiDzFnT9S9aegmp85S/bReBVTb4QTFaRNptJ9kuYaNhnbNEOkbKb/A==
  
  validate-npm-package-license@^3.0.1:
    version "3.0.4"
    resolved "https://registry.yarnpkg.com/validate-npm-package-license/-/validate-npm-package-license-3.0.4.tgz#fc91f6b9c7ba15c857f4cb2c5defeec39d4f410a"
    integrity sha512-DpKm2Ui/xN7/HQKCtpZxoRWBhZ9Z0kqtygG8XCgNQ8ZlDnxuQmWhj566j8fN4Cu3/JmbhsDo7fcAJq4s9h27Ew==
    dependencies:
      spdx-correct "^3.0.0"
      spdx-expression-parse "^3.0.0"
  
  verror@1.10.0:
    version "1.10.0"
    resolved "https://registry.yarnpkg.com/verror/-/verror-1.10.0.tgz#3a105ca17053af55d6e270c1f8288682e18da400"
    integrity sha1-OhBcoXBTr1XW4nDB+CiGguGNpAA=
    dependencies:
      assert-plus "^1.0.0"
      core-util-is "1.0.2"
      extsprintf "^1.2.0"
  
  vinyl-bufferstream@^1.0.1:
    version "1.0.1"
    resolved "https://registry.yarnpkg.com/vinyl-bufferstream/-/vinyl-bufferstream-1.0.1.tgz#0537869f580effa4ca45acb47579e4b9fe63081a"
    integrity sha1-BTeGn1gO/6TKRay0dXnkuf5jCBo=
    dependencies:
      bufferstreams "1.0.1"
  
  vinyl-sourcemaps-apply@^0.2.0, vinyl-sourcemaps-apply@^0.2.1:
    version "0.2.1"
    resolved "https://registry.yarnpkg.com/vinyl-sourcemaps-apply/-/vinyl-sourcemaps-apply-0.2.1.tgz#ab6549d61d172c2b1b87be5c508d239c8ef87705"
    integrity sha1-q2VJ1h0XLCsbh75cUI0jnI74dwU=
    dependencies:
      source-map "^0.5.1"
  
  vinyl@^0.5.0:
    version "0.5.3"
    resolved "https://registry.yarnpkg.com/vinyl/-/vinyl-0.5.3.tgz#b0455b38fc5e0cf30d4325132e461970c2091cde"
    integrity sha1-sEVbOPxeDPMNQyUTLkYZcMIJHN4=
    dependencies:
      clone "^1.0.0"
      clone-stats "^0.0.1"
      replace-ext "0.0.1"
  
  which-module@^2.0.0:
    version "2.0.0"
    resolved "https://registry.yarnpkg.com/which-module/-/which-module-2.0.0.tgz#d9ef07dce77b9902b8a3a8fa4b31c3e3f7e6e87a"
    integrity sha1-2e8H3Od7mQK4o6j6SzHD4/fm6Ho=
  
  which@1, which@^1.2.14, which@^1.2.9:
    version "1.3.1"
    resolved "https://registry.yarnpkg.com/which/-/which-1.3.1.tgz#a45043d54f5805316da8d62f9f50918d3da70b0a"
    integrity sha512-HxJdYWq1MTIQbJ3nw0cqssHoTNU267KlrDuGZ1WYlxDStUtKUhOaJmh112/TZmHxxUfuJqPXSOm7tDyas0OSIQ==
    dependencies:
      isexe "^2.0.0"
  
  wide-align@^1.1.0:
    version "1.1.3"
    resolved "https://registry.yarnpkg.com/wide-align/-/wide-align-1.1.3.tgz#ae074e6bdc0c14a431e804e624549c633b000457"
    integrity sha512-QGkOQc8XL6Bt5PwnsExKBPuMKBxnGxWWW3fU55Xt4feHozMUhdUMaBCk290qpm/wG5u/RSKzwdAC4i51YigihA==
    dependencies:
      string-width "^1.0.2 || 2"
  
  wrap-ansi@^5.1.0:
    version "5.1.0"
    resolved "https://registry.yarnpkg.com/wrap-ansi/-/wrap-ansi-5.1.0.tgz#1fd1f67235d5b6d0fee781056001bfb694c03b09"
    integrity sha512-QC1/iN/2/RPVJ5jYK8BGttj5z83LmSKmvbvrXPNCLZSEb32KKVDJDl/MOt2N01qU2H/FkzEa9PKto1BqDjtd7Q==
    dependencies:
      ansi-styles "^3.2.0"
      string-width "^3.0.0"
      strip-ansi "^5.0.0"
  
  wrappy@1:
    version "1.0.2"
    resolved "https://registry.yarnpkg.com/wrappy/-/wrappy-1.0.2.tgz#b5243d8f3ec1aa35f1364605bc0d1036e30ab69f"
    integrity sha1-tSQ9jz7BqjXxNkYFvA0QNuMKtp8=
  
  xtend@~4.0.1:
    version "4.0.2"
    resolved "https://registry.yarnpkg.com/xtend/-/xtend-4.0.2.tgz#bb72779f5fa465186b1f438f674fa347fdb5db54"
    integrity sha512-LKYU1iAXJXUgAXn9URjiu+MWhyUXHsvfp7mcuYm9dSUKK0/CjtrUwFAxD82/mCWbtLsGjFIad0wIsod4zrTAEQ==
  
  y18n@^4.0.0:
    version "4.0.0"
    resolved "https://registry.yarnpkg.com/y18n/-/y18n-4.0.0.tgz#95ef94f85ecc81d007c264e190a120f0a3c8566b"
    integrity sha512-r9S/ZyXu/Xu9q1tYlpsLIsa3EeLXXk0VwlxqTcFRfg9EhMW+17kbt9G0NrgCmhGb5vT2hyhJZLfDGx+7+5Uj/w==
  
  yallist@^2.1.2:
    version "2.1.2"
    resolved "https://registry.yarnpkg.com/yallist/-/yallist-2.1.2.tgz#1c11f9218f076089a47dd512f93c6699a6a81d52"
    integrity sha1-HBH5IY8HYImkfdUS+TxmmaaoHVI=
  
  yargs-parser@^13.1.2:
    version "13.1.2"
    resolved "https://registry.yarnpkg.com/yargs-parser/-/yargs-parser-13.1.2.tgz#130f09702ebaeef2650d54ce6e3e5706f7a4fb38"
    integrity sha512-3lbsNRf/j+A4QuSZfDRA7HRSfWrzO0YjqTJd5kjAq37Zep1CEgaYmrH9Q3GwPiB9cHyd1Y1UwggGhJGoxipbzg==
    dependencies:
      camelcase "^5.0.0"
      decamelize "^1.2.0"
  
  yargs@^13.3.2:
    version "13.3.2"
    resolved "https://registry.yarnpkg.com/yargs/-/yargs-13.3.2.tgz#ad7ffefec1aa59565ac915f82dccb38a9c31a2dd"
    integrity sha512-AX3Zw5iPruN5ie6xGRIDgqkT+ZhnRlZMLMHAs8tg7nRruy2Nb+i5o9bwghAogtM08q1dpr2LVoS8KSTMYpWXUw==
    dependencies:
      cliui "^5.0.0"
      find-up "^3.0.0"
      get-caller-file "^2.0.1"
      require-directory "^2.1.1"
      require-main-filename "^2.0.0"
      set-blocking "^2.0.0"
      string-width "^3.0.0"
      which-module "^2.0.0"
      y18n "^4.0.0"
      yargs-parser "^13.1.2"
